#
# There is insufficient memory for the Java Runtime Environment to continue.
# Native memory allocation (mmap) failed to map 65536 bytes for Failed to commit metaspace.
# Possible reasons:
#   The system is out of physical RAM or swap space
#   The process is running with CompressedOops enabled, and the Java Heap may be blocking the growth of the native heap
# Possible solutions:
#   Reduce memory load on the system
#   Increase physical memory or swap space
#   Check if swap backing store is full
#   Decrease Java heap size (-Xmx/-Xms)
#   Decrease number of Java threads
#   Decrease Java thread stack sizes (-Xss)
#   Set larger code cache with -XX:ReservedCodeCacheSize=
#   JVM is running with Unscaled Compressed Oops mode in which the Java heap is
#     placed in the first 4GB address space. The Java Heap base address is the
#     maximum limit for the native heap growth. Please use -XX:HeapBaseMinAddress
#     to set the Java Heap base and to place the Java Heap above 4GB virtual address.
# This output file may be truncated or incomplete.
#
#  Out of Memory Error (virtualSpaceNode.cpp:112), pid=27144, tid=10384
#
# JRE version: OpenJDK Runtime Environment (21.0.2+13) (build 21.0.2+13-58)
# Java VM: OpenJDK 64-Bit Server VM (21.0.2+13-58, mixed mode, sharing, tiered, compressed oops, compressed class ptrs, g1 gc, windows-amd64)
# No core dump will be written. Minidumps are not enabled by default on client versions of Windows
#

---------------  S U M M A R Y ------------

Command Line: -javaagent:C:\Program Files\JetBrains\IntelliJ IDEA Community Edition 2023.3.4\lib\idea_rt.jar=50606:C:\Program Files\JetBrains\IntelliJ IDEA Community Edition 2023.3.4\bin -Dfile.encoding=UTF-8 -Dsun.stdout.encoding=UTF-8 -Dsun.stderr.encoding=UTF-8 com.gestion_clientes_backend.GestionClientesBackendApplication

Host: Intel(R) Core(TM) i3-3217U CPU @ 1.80GHz, 4 cores, 3G,  Windows 10 , 64 bit Build 19041 (10.0.19041.4597)
Time: Sat Sep  7 15:36:25 2024 Hora est. Pacífico, Sudamérica elapsed time: 1.768258 seconds (0d 0h 0m 1s)

---------------  T H R E A D  ---------------

Current thread (0x0000020758b002c0):  JavaThread "main"             [_thread_in_vm, id=10384, stack(0x000000deea200000,0x000000deea300000) (1024K)]

Stack: [0x000000deea200000,0x000000deea300000]
Native frames: (J=compiled Java code, j=interpreted, Vv=VM code, C=native code)
V  [jvm.dll+0x6cade9]
V  [jvm.dll+0x8569c1]
V  [jvm.dll+0x858d2e]
V  [jvm.dll+0x859413]
V  [jvm.dll+0x280e56]
V  [jvm.dll+0x8526ee]
V  [jvm.dll+0x66e705]
V  [jvm.dll+0x1e68cc]
V  [jvm.dll+0x1e669e]
V  [jvm.dll+0x67104c]
V  [jvm.dll+0x670e62]
V  [jvm.dll+0x66f0de]
V  [jvm.dll+0x26c6d6]
V  [jvm.dll+0x218617]
V  [jvm.dll+0x20dd9e]
V  [jvm.dll+0x5ad3dc]
V  [jvm.dll+0x7cf74d]
V  [jvm.dll+0x4709da]
V  [jvm.dll+0x483de6]
C  [java.dll+0x1657]

Java frames: (J=compiled Java code, j=interpreted, Vv=VM code)
j  java.lang.ClassLoader.defineClass0(Ljava/lang/ClassLoader;Ljava/lang/Class;Ljava/lang/String;[BIILjava/security/ProtectionDomain;ZILjava/lang/Object;)Ljava/lang/Class;+0 java.base@21.0.2
j  java.lang.System$2.defineClass(Ljava/lang/ClassLoader;Ljava/lang/Class;Ljava/lang/String;[BLjava/security/ProtectionDomain;ZILjava/lang/Object;)Ljava/lang/Class;+17 java.base@21.0.2
j  java.lang.invoke.MethodHandles$Lookup$ClassDefiner.defineClass(ZLjava/lang/Object;)Ljava/lang/Class;+57 java.base@21.0.2
j  java.lang.invoke.InvokerBytecodeGenerator.loadMethod([B)Ljava/lang/invoke/MemberName;+22 java.base@21.0.2
j  java.lang.invoke.InvokerBytecodeGenerator.generateCustomizedCode(Ljava/lang/invoke/LambdaForm;Ljava/lang/invoke/MethodType;)Ljava/lang/invoke/MemberName;+30 java.base@21.0.2
j  java.lang.invoke.LambdaForm.compileToBytecode()V+69 java.base@21.0.2
J 836 c1 java.lang.invoke.LambdaForm.prepare()V java.base@21.0.2 (108 bytes) @ 0x000002076321748c [0x00000207632172e0+0x00000000000001ac]
J 835 c1 java.lang.invoke.MethodHandle.<init>(Ljava/lang/invoke/MethodType;Ljava/lang/invoke/LambdaForm;)V java.base@21.0.2 (37 bytes) @ 0x0000020763216ae4 [0x00000207632168a0+0x0000000000000244]
j  java.lang.invoke.BoundMethodHandle.<init>(Ljava/lang/invoke/MethodType;Ljava/lang/invoke/LambdaForm;)V+3 java.base@21.0.2
j  java.lang.invoke.BoundMethodHandle$Species_L.<init>(Ljava/lang/invoke/MethodType;Ljava/lang/invoke/LambdaForm;Ljava/lang/Object;)V+3 java.base@21.0.2
j  java.lang.invoke.BoundMethodHandle$Species_L.copyWith(Ljava/lang/invoke/MethodType;Ljava/lang/invoke/LambdaForm;)Ljava/lang/invoke/BoundMethodHandle;+10 java.base@21.0.2
j  java.lang.invoke.MethodHandles.dropArgumentsTrusted(Ljava/lang/invoke/MethodHandle;I[Ljava/lang/Class;)Ljava/lang/invoke/MethodHandle;+103 java.base@21.0.2
j  java.lang.invoke.StringConcatFactory.generateMHInlineCopy(Ljava/lang/invoke/MethodType;[Ljava/lang/String;)Ljava/lang/invoke/MethodHandle;+323 java.base@21.0.2
j  java.lang.invoke.StringConcatFactory.makeConcatWithConstants(Ljava/lang/invoke/MethodHandles$Lookup;Ljava/lang/String;Ljava/lang/invoke/MethodType;Ljava/lang/String;[Ljava/lang/Object;)Ljava/lang/invoke/CallSite;+227 java.base@21.0.2
j  java.lang.invoke.DirectMethodHandle$Holder.invokeStatic(Ljava/lang/Object;Ljava/lang/Object;Ljava/lang/Object;Ljava/lang/Object;Ljava/lang/Object;Ljava/lang/Object;)Ljava/lang/Object;+18 java.base@21.0.2
j  java.lang.invoke.DelegatingMethodHandle$Holder.delegate(Ljava/lang/Object;Ljava/lang/Object;Ljava/lang/Object;Ljava/lang/Object;Ljava/lang/Object;Ljava/lang/Object;)Ljava/lang/Object;+21 java.base@21.0.2
j  java.lang.invoke.Invokers$Holder.invokeExact_MT(Ljava/lang/Object;Ljava/lang/Object;Ljava/lang/Object;Ljava/lang/Object;Ljava/lang/Object;Ljava/lang/Object;Ljava/lang/Object;)Ljava/lang/Object;+26 java.base@21.0.2
j  java.lang.invoke.BootstrapMethodInvoker.invoke(Ljava/lang/Class;Ljava/lang/invoke/MethodHandle;Ljava/lang/String;Ljava/lang/Object;Ljava/lang/Object;Ljava/lang/Class;)Ljava/lang/Object;+157 java.base@21.0.2
j  java.lang.invoke.CallSite.makeSite(Ljava/lang/invoke/MethodHandle;Ljava/lang/String;Ljava/lang/invoke/MethodType;Ljava/lang/Object;Ljava/lang/Class;)Ljava/lang/invoke/CallSite;+8 java.base@21.0.2
j  java.lang.invoke.MethodHandleNatives.linkCallSiteImpl(Ljava/lang/Class;Ljava/lang/invoke/MethodHandle;Ljava/lang/String;Ljava/lang/invoke/MethodType;Ljava/lang/Object;[Ljava/lang/Object;)Ljava/lang/invoke/MemberName;+6 java.base@21.0.2
j  java.lang.invoke.MethodHandleNatives.linkCallSite(Ljava/lang/Object;Ljava/lang/Object;Ljava/lang/Object;Ljava/lang/Object;Ljava/lang/Object;[Ljava/lang/Object;)Ljava/lang/invoke/MemberName;+45 java.base@21.0.2
v  ~StubRoutines::call_stub 0x000002076a5f100d
j  org.springframework.util.ClassUtils.forName(Ljava/lang/String;Ljava/lang/ClassLoader;)Ljava/lang/Class;+231
j  org.springframework.core.io.support.SpringFactoriesLoader.instantiateFactory(Ljava/lang/String;Ljava/lang/Class;Lorg/springframework/core/io/support/SpringFactoriesLoader$ArgumentResolver;Lorg/springframework/core/io/support/SpringFactoriesLoader$FailureHandler;)Ljava/lang/Object;+5
j  org.springframework.core.io.support.SpringFactoriesLoader.load(Ljava/lang/Class;Lorg/springframework/core/io/support/SpringFactoriesLoader$ArgumentResolver;Lorg/springframework/core/io/support/SpringFactoriesLoader$FailureHandler;)Ljava/util/List;+99
j  org.springframework.core.io.support.SpringFactoriesLoader.load(Ljava/lang/Class;)Ljava/util/List;+4
j  org.springframework.core.io.support.SpringFactoriesLoader.loadFactories(Ljava/lang/Class;Ljava/lang/ClassLoader;)Ljava/util/List;+5
j  org.springframework.boot.logging.LoggingSystemFactory.lambda$fromSpringFactories$0(Ljava/lang/ClassLoader;)Ljava/util/List;+3
j  org.springframework.boot.logging.LoggingSystemFactory$$Lambda+0x000002070108ced0.apply(Ljava/lang/Object;)Ljava/lang/Object;+4
j  org.springframework.boot.logging.DelegatingLoggingSystemFactory.getLoggingSystem(Ljava/lang/ClassLoader;)Lorg/springframework/boot/logging/LoggingSystem;+12
j  org.springframework.boot.logging.LoggingSystem.get(Ljava/lang/ClassLoader;)Lorg/springframework/boot/logging/LoggingSystem;+41
j  org.springframework.boot.context.logging.LoggingApplicationListener.onApplicationStartingEvent(Lorg/springframework/boot/context/event/ApplicationStartingEvent;)V+8
j  org.springframework.boot.context.logging.LoggingApplicationListener.onApplicationEvent(Lorg/springframework/context/ApplicationEvent;)V+14
j  org.springframework.context.event.SimpleApplicationEventMulticaster.doInvokeListener(Lorg/springframework/context/ApplicationListener;Lorg/springframework/context/ApplicationEvent;)V+2
j  org.springframework.context.event.SimpleApplicationEventMulticaster.invokeListener(Lorg/springframework/context/ApplicationListener;Lorg/springframework/context/ApplicationEvent;)V+34
j  org.springframework.context.event.SimpleApplicationEventMulticaster.multicastEvent(Lorg/springframework/context/ApplicationEvent;Lorg/springframework/core/ResolvableType;)V+104
j  org.springframework.context.event.SimpleApplicationEventMulticaster.multicastEvent(Lorg/springframework/context/ApplicationEvent;)V+3
j  org.springframework.boot.context.event.EventPublishingRunListener.multicastInitialEvent(Lorg/springframework/context/ApplicationEvent;)V+9
j  org.springframework.boot.context.event.EventPublishingRunListener.starting(Lorg/springframework/boot/ConfigurableBootstrapContext;)V+17
j  org.springframework.boot.SpringApplicationRunListeners.lambda$starting$0(Lorg/springframework/boot/ConfigurableBootstrapContext;Lorg/springframework/boot/SpringApplicationRunListener;)V+2
j  org.springframework.boot.SpringApplicationRunListeners$$Lambda+0x0000020701086518.accept(Ljava/lang/Object;)V+8
j  java.lang.Iterable.forEach(Ljava/util/function/Consumer;)V+30 java.base@21.0.2
j  org.springframework.boot.SpringApplicationRunListeners.doWithListeners(Ljava/lang/String;Ljava/util/function/Consumer;Ljava/util/function/Consumer;)V+17
j  org.springframework.boot.SpringApplicationRunListeners.starting(Lorg/springframework/boot/ConfigurableBootstrapContext;Ljava/lang/Class;)V+15
j  org.springframework.boot.SpringApplication.run([Ljava/lang/String;)Lorg/springframework/context/ConfigurableApplicationContext;+43
j  org.springframework.boot.SpringApplication.run([Ljava/lang/Class;[Ljava/lang/String;)Lorg/springframework/context/ConfigurableApplicationContext;+9
j  org.springframework.boot.SpringApplication.run(Ljava/lang/Class;[Ljava/lang/String;)Lorg/springframework/context/ConfigurableApplicationContext;+9
j  com.gestion_clientes_backend.GestionClientesBackendApplication.main([Ljava/lang/String;)V+3
v  ~StubRoutines::call_stub 0x000002076a5f100d

Compiled method (c1)    1939  836       3       java.lang.invoke.LambdaForm::prepare (108 bytes)
 total in heap  [0x0000020763217090,0x0000020763217d70] = 3296
 relocation     [0x00000207632171f0,0x00000207632172d8] = 232
 main code      [0x00000207632172e0,0x0000020763217a38] = 1880
 stub code      [0x0000020763217a38,0x0000020763217ad0] = 152
 metadata       [0x0000020763217ad0,0x0000020763217b10] = 64
 scopes data    [0x0000020763217b10,0x0000020763217bc8] = 184
 scopes pcs     [0x0000020763217bc8,0x0000020763217d18] = 336
 dependencies   [0x0000020763217d18,0x0000020763217d28] = 16
 nul chk table  [0x0000020763217d28,0x0000020763217d70] = 72

[Constant Pool (empty)]

[MachCode]
[Entry Point]
  # {method} {0x0000020700090c90} 'prepare' '()V' in 'java/lang/invoke/LambdaForm'
  #           [sp+0x70]  (sp of caller)
  0x00000207632172e0: 448b 5208 | 49bb 0000 | 0000 0702 | 0000 4d03 | d34c 3bd0 

  0x00000207632172f4: ;   {runtime_call ic_miss_stub}
  0x00000207632172f4: 0f85 8674 | 4207 660f | 1f44 0000 
[Verified Entry Point]
  0x0000020763217300: 8984 2400 | 80ff ff55 | 4883 ec60 | 4181 7f20 | 0100 0000 

  0x0000020763217314: ;   {runtime_call StubRoutines (final stubs)}
  0x0000020763217314: 7405 e845 | db40 0748 | 8954 2438 

  0x0000020763217320: ;   {metadata(method data for {method} {0x0000020700090c90} 'prepare' '()V' in 'java/lang/invoke/LambdaForm')}
  0x0000020763217320: 48be 70b0 | 1f76 0702 | 0000 8bbe | cc00 0000 | 83c7 0289 | becc 0000 | 0081 e7fe | 0700 0085 
  0x0000020763217340: ff0f 848e 

  0x0000020763217344: ;   {metadata(method data for {method} {0x0000020700090c90} 'prepare' '()V' in 'java/lang/invoke/LambdaForm')}
  0x0000020763217344: 0500 0048 | be70 b01f | 7607 0200 | 00ff 8620 | 0100 0048 

  0x0000020763217358: ;   {metadata(method data for {method} {0x0000020700090c90} 'prepare' '()V' in 'java/lang/invoke/LambdaForm')}
  0x0000020763217358: 8bf2 48bf | 70b0 1f76 | 0702 0000 | 4883 8730 | 0100 0001 

  0x000002076321736c: ;   {metadata(method data for {method} {0x00000207003ffe28} 'forceInterpretation' '()Z' in 'java/lang/invoke/LambdaForm')}
  0x000002076321736c: 48be d0fe | 1476 0702 | 0000 8bbe | cc00 0000 | 83c7 0289 | becc 0000 | 0081 e7fe | ff1f 0085 
  0x000002076321738c: ff0f 8463 | 0500 008b | 7214 83fe 

  0x0000020763217398: ;   {metadata(method data for {method} {0x00000207003ffe28} 'forceInterpretation' '()Z' in 'java/lang/invoke/LambdaForm')}
  0x0000020763217398: ff48 bed0 | fe14 7607 | 0200 0048 | bf10 0100 | 0000 0000 | 0075 0a48 | bf20 0100 | 0000 0000 
  0x00000207632173b8: 0048 8b1c | 3e48 8d5b | 0148 891c | 3e0f 851a 

  0x00000207632173c8: ;   {metadata(method data for {method} {0x00000207003ffe28} 'forceInterpretation' '()Z' in 'java/lang/invoke/LambdaForm')}
  0x00000207632173c8: 0000 0048 | bed0 fe14 | 7607 0200 | 00ff 8630 | 0100 00be | 0100 0000 | e905 0000 | 00be 0000 
  0x00000207632173e8: 0000 83e6 

  0x00000207632173ec: ;   {metadata(method data for {method} {0x0000020700090c90} 'prepare' '()V' in 'java/lang/invoke/LambdaForm')}
  0x00000207632173ec: 0185 f648 | be70 b01f | 7607 0200 | 0048 bf68 | 0100 0000 | 0000 0075 | 0a48 bf78 | 0100 0000 
  0x000002076321740c: 0000 0048 | 8b1c 3e48 | 8d5b 0148 | 891c 3e0f | 8578 0000 | 000f be72 

  0x0000020763217424: ;   {metadata(method data for {method} {0x0000020700090c90} 'prepare' '()V' in 'java/lang/invoke/LambdaForm')}
  0x0000020763217424: 1985 f648 | be70 b01f | 7607 0200 | 0048 bf88 | 0100 0000 | 0000 0075 | 0a48 bf98 | 0100 0000 
  0x0000020763217444: 0000 0048 | 8b1c 3e48 | 8d5b 0148 | 891c 3e0f | 8540 0000 | 0048 8bf2 

  0x000002076321745c: ;   {metadata(method data for {method} {0x0000020700090c90} 'prepare' '()V' in 'java/lang/invoke/LambdaForm')}
  0x000002076321745c: 48bf 70b0 | 1f76 0702 

  0x0000020763217464: ;   {metadata('java/lang/invoke/LambdaForm')}
  0x0000020763217464: 0000 49ba | e005 0900 | 0702 0000 | 4c89 97b8 | 0100 0048 | 8387 c001 | 0000 0148 | 8bf2 488b 
  0x0000020763217484: ;   {optimized virtual_call}
  0x0000020763217484: d666 90e8 

  0x0000020763217488: ; ImmutableOopMap {[56]=Oop }
                      ;*invokevirtual compileToBytecode {reexecute=0 rethrow=0 return_oop=0}
                      ; - java.lang.invoke.LambdaForm::prepare@21 (line 807)
  0x0000020763217488: b105 0000 

  0x000002076321748c: ;   {other}
  0x000002076321748c: 0f1f 8400 | fc03 0000 | 488b 5424 | 388b 7228 

  0x000002076321749c: ;   {metadata(method data for {method} {0x0000020700090c90} 'prepare' '()V' in 'java/lang/invoke/LambdaForm')}
  0x000002076321749c: 4885 f648 | be70 b01f | 7607 0200 | 0048 bff0 | 0100 0000 | 0000 0075 | 0a48 bfe0 | 0100 0000 
  0x00000207632174bc: 0000 0048 | 8b1c 3e48 | 8d5b 0148 | 891c 3e0f | 85f1 0300 | 0048 8bf2 

  0x00000207632174d4: ;   {metadata(method data for {method} {0x0000020700090c90} 'prepare' '()V' in 'java/lang/invoke/LambdaForm')}
  0x00000207632174d4: 48bf 70b0 | 1f76 0702 

  0x00000207632174dc: ;   {metadata('java/lang/invoke/LambdaForm')}
  0x00000207632174dc: 0000 49ba | e005 0900 | 0702 0000 | 4c89 9710 | 0200 0048 | 8387 1802 | 0000 0148 | 8bf2 488b 
  0x00000207632174fc: ;   {optimized virtual_call}
  0x00000207632174fc: d666 90e8 

  0x0000020763217500: ; ImmutableOopMap {[56]=Oop }
                      ;*invokevirtual methodType {reexecute=0 rethrow=0 return_oop=0}
                      ; - java.lang.invoke.LambdaForm::prepare@33 (line 813)
  0x0000020763217500: 7c75 4207 

  0x0000020763217504: ;   {other}
  0x0000020763217504: 0f1f 8400 | 7404 0001 | 4889 4424 | 4048 3b00 

  0x0000020763217514: ;   {metadata(method data for {method} {0x0000020700090c90} 'prepare' '()V' in 'java/lang/invoke/LambdaForm')}
  0x0000020763217514: 488b d048 | be70 b01f | 7607 0200 | 0048 8386 | 3802 0000 | 018b 5014 

  0x000002076321752c: ; implicit exception: dispatches to 0x000002076321791c
  0x000002076321752c: 483b 0248 

  0x0000020763217530: ;   {metadata(method data for {method} {0x0000020700090c90} 'prepare' '()V' in 'java/lang/invoke/LambdaForm')}
  0x0000020763217530: 8bf2 48bf | 70b0 1f76 | 0702 0000 | 4883 8770 | 0200 0001 

  0x0000020763217544: ;   {metadata(method data for {method} {0x00000207003fecf8} 'cachedLambdaForm' '(I)Ljava/lang/invoke/LambdaForm;' in 'java/lang/invoke/MethodTypeForm')}
  0x0000020763217544: 48be e0b6 | 1f76 0702 | 0000 8bbe | cc00 0000 | 83c7 0289 | becc 0000 | 0081 e7fe | ff1f 0085 
  0x0000020763217564: ff0f 84b6 | 0300 008b | 521c 8b72 | 0c83 fe06 | 0f86 cd03 | 0000 8b52 | 2848 85d2 

  0x0000020763217580: ;   {metadata(method data for {method} {0x00000207003fecf8} 'cachedLambdaForm' '(I)Ljava/lang/invoke/LambdaForm;' in 'java/lang/invoke/MethodTypeForm')}
  0x0000020763217580: 48be e0b6 | 1f76 0702 | 0000 48bf | 1001 0000 | 0000 0000 | 740a 48bf | 2001 0000 | 0000 0000 
  0x00000207632175a0: 488b 1c3e | 488d 5b01 | 4889 1c3e | 0f84 a901 | 0000 483b | 0248 8bf2 

  0x00000207632175b8: ;   {metadata(method data for {method} {0x00000207003fecf8} 'cachedLambdaForm' '(I)Ljava/lang/invoke/LambdaForm;' in 'java/lang/invoke/MethodTypeForm')}
  0x00000207632175b8: 48bf e0b6 | 1f76 0702 | 0000 8b76 | 0849 ba00 | 0000 0007 | 0200 0049 | 03f2 483b | b740 0100 
  0x00000207632175d8: 0075 0d48 | 8387 4801 | 0000 01e9 | 6000 0000 | 483b b750 | 0100 0075 | 0d48 8387 | 5801 0000 
  0x00000207632175f8: 01e9 4a00 | 0000 4883 | bf40 0100 | 0000 7517 | 4889 b740 | 0100 0048 | c787 4801 | 0000 0100 
  0x0000020763217618: 0000 e929 | 0000 0048 | 83bf 5001 | 0000 0075 | 1748 89b7 | 5001 0000 | 48c7 8758 | 0100 0001 
  0x0000020763217638: 0000 00e9 | 0800 0000 | 4883 8730 | 0100 0001 | 0f1f 8000 

  0x000002076321764c: ;   {optimized virtual_call}
  0x000002076321764c: 0000 00e8 

  0x0000020763217650: ; ImmutableOopMap {[56]=Oop [64]=Oop }
                      ;*invokevirtual get {reexecute=0 rethrow=0 return_oop=0}
                      ; - java.lang.invoke.MethodTypeForm::cachedLambdaForm@12 (line 132)
                      ; - java.lang.invoke.LambdaForm::prepare@43 (line 814)
  0x0000020763217650: 2c74 4207 

  0x0000020763217654: ;   {other}
  0x0000020763217654: 0f1f 8400 | c405 0002 | 4885 c075 

  0x0000020763217660: ;   {metadata(method data for {method} {0x00000207003fecf8} 'cachedLambdaForm' '(I)Ljava/lang/invoke/LambdaForm;' in 'java/lang/invoke/MethodTypeForm')}
  0x0000020763217660: 1648 bfe0 | b61f 7607 | 0200 0080 | 8f61 0100 | 0001 e9cc 

  0x0000020763217674: ;   {metadata('java/lang/invoke/LambdaForm')}
  0x0000020763217674: 0000 0048 | bbe0 0509 | 0007 0200 | 008b 7008 | 49ba 0000 | 0000 0702 | 0000 4903 | f248 3bde 
  0x0000020763217694: 0f85 8d00 

  0x0000020763217698: ;   {metadata(method data for {method} {0x00000207003fecf8} 'cachedLambdaForm' '(I)Ljava/lang/invoke/LambdaForm;' in 'java/lang/invoke/MethodTypeForm')}
  0x0000020763217698: 0000 48bf | e0b6 1f76 | 0702 0000 | 8b58 0849 | ba00 0000 | 0007 0200 | 0049 03da | 483b 9f78 
  0x00000207632176b8: 0100 0075 | 0d48 8387 | 8001 0000 | 01e9 7900 | 0000 483b | 9f88 0100 | 0075 0d48 | 8387 9001 
  0x00000207632176d8: 0000 01e9 | 6300 0000 | 4883 bf78 | 0100 0000 | 7517 4889 | 9f78 0100 | 0048 c787 | 8001 0000 
  0x00000207632176f8: 0100 0000 | e942 0000 | 0048 83bf | 8801 0000 | 0075 1748 | 899f 8801 | 0000 48c7 | 8790 0100 
  0x0000020763217718: 0001 0000 | 00e9 2100 | 0000 e91c 

  0x0000020763217724: ;   {metadata(method data for {method} {0x00000207003fecf8} 'cachedLambdaForm' '(I)Ljava/lang/invoke/LambdaForm;' in 'java/lang/invoke/MethodTypeForm')}
  0x0000020763217724: 0000 0048 | bfe0 b61f | 7607 0200 | 0048 83af | 6801 0000 | 01e9 2002 | 0000 e900 | 0000 0048 
  0x0000020763217744: ;   {metadata(method data for {method} {0x00000207003fecf8} 'cachedLambdaForm' '(I)Ljava/lang/invoke/LambdaForm;' in 'java/lang/invoke/MethodTypeForm')}
  0x0000020763217744: 8bd0 48be | e0b6 1f76 | 0702 0000 | ff86 a001 | 0000 e90a 

  0x0000020763217758: ;   {oop(nullptr)}
  0x0000020763217758: 0000 0048 | ba00 0000 | 0000 0000 | 0048 85d2 

  0x0000020763217768: ;   {metadata(method data for {method} {0x0000020700090c90} 'prepare' '()V' in 'java/lang/invoke/LambdaForm')}
  0x0000020763217768: 48be 70b0 | 1f76 0702 | 0000 48bf | a802 0000 | 0000 0000 | 750a 48bf | b802 0000 | 0000 0000 
  0x0000020763217788: 488b 1c3e | 488d 5b01 | 4889 1c3e | 0f85 e500 

  0x0000020763217798: ;   {metadata(method data for {method} {0x0000020700090c90} 'prepare' '()V' in 'java/lang/invoke/LambdaForm')}
  0x0000020763217798: 0000 48ba | 70b0 1f76 | 0702 0000 | ff82 c802 | 0000 488b 

  0x00000207632177ac: ;   {metadata(method data for {method} {0x0000020700090c90} 'prepare' '()V' in 'java/lang/invoke/LambdaForm')}
  0x00000207632177ac: 4424 4048 | ba70 b01f | 7607 0200 | 0048 8382 | 6003 0000 | 0148 8bd0 

  0x00000207632177c4: ;   {static_call}
  0x00000207632177c4: 6666 90e8 

  0x00000207632177c8: ; ImmutableOopMap {[56]=Oop [64]=Oop }
                      ;*invokestatic createBlankForType {reexecute=0 rethrow=0 return_oop=0}
                      ; - java.lang.invoke.LambdaForm::prepare@76 (line 817)
  0x00000207632177c8: b478 4207 

  0x00000207632177cc: ;   {other}
  0x00000207632177cc: 0f1f 8400 | 3c07 0003 

  0x00000207632177d4: ;   {metadata(method data for {method} {0x0000020700090c90} 'prepare' '()V' in 'java/lang/invoke/LambdaForm')}
  0x00000207632177d4: 48ba 70b0 | 1f76 0702 | 0000 4883 | 8270 0300 | 0001 488b | 5424 4048 | 8944 2448 | 0f1f 8000 
  0x00000207632177f4: ;   {static_call}
  0x00000207632177f4: 0000 00e8 

  0x00000207632177f8: ; ImmutableOopMap {[56]=Oop [64]=Oop [72]=Oop }
                      ;*invokestatic generateLambdaFormInterpreterEntryPoint {reexecute=0 rethrow=0 return_oop=0}
                      ; - java.lang.invoke.LambdaForm::prepare@82 (line 818)
  0x00000207632177f8: 8478 4207 

  0x00000207632177fc: ;   {other}
  0x00000207632177fc: 0f1f 8400 | 6c07 0004 | 450f be47 | 4045 85c0 | 4c8b 4c24 | 480f 8550 | 0100 004c | 8bd0 4589 
  0x000002076321781c: 5128 4d8b | c14c 33c0 | 49c1 e814 | 4983 f800 | 0f85 5601 | 0000 488b 

  0x0000020763217834: ;   {metadata(method data for {method} {0x0000020700090c90} 'prepare' '()V' in 'java/lang/invoke/LambdaForm')}
  0x0000020763217834: 4424 4049 | b870 b01f | 7607 0200 | 0049 8380 | 8003 0000 | 0148 8b44 | 2440 8b50 | 1448 3b02 
  0x0000020763217854: ;   {metadata(method data for {method} {0x0000020700090c90} 'prepare' '()V' in 'java/lang/invoke/LambdaForm')}
  0x0000020763217854: 4c8b c248 | be70 b01f | 7607 0200 | 0048 8386 | b803 0000 | 0141 b806 

  0x000002076321786c: ;   {optimized virtual_call}
  0x000002076321786c: 0000 00e8 

  0x0000020763217870: ; ImmutableOopMap {[56]=Oop }
                      ;*invokevirtual setCachedLambdaForm {reexecute=0 rethrow=0 return_oop=0}
                      ; - java.lang.invoke.LambdaForm::prepare@95 (line 819)
  0x0000020763217870: 0c72 4207 

  0x0000020763217874: ;   {other}
  0x0000020763217874: 0f1f 8400 | e407 0005 | 488b d048 | 8b74 2438 

  0x0000020763217884: ; implicit exception: dispatches to 0x00000207632179a5
  0x0000020763217884: 8b7a 2841 | 0fbe 5f40 | 85db 0f85 | 1601 0000 | 4c8b d744 | 8956 2848 | 8bd6 4833 | d748 c1ea 
  0x00000207632178a4: 1448 83fa | 000f 8516 | 0100 0048 | 83c4 605d 

  0x00000207632178b4: ;   {poll_return}
  0x00000207632178b4: 493b a750 | 0400 000f | 871c 0100 | 00c3 4883 

  0x00000207632178c4: ;   {poll_return}
  0x00000207632178c4: c460 5d49 | 3ba7 5004 | 0000 0f87 | 1f01 0000 

  0x00000207632178d4: ;   {metadata({method} {0x0000020700090c90} 'prepare' '()V' in 'java/lang/invoke/LambdaForm')}
  0x00000207632178d4: c349 ba88 | 0c09 0007 | 0200 004c | 8954 2408 | 48c7 0424 | ffff ffff 

  0x00000207632178ec: ;   {runtime_call counter_overflow Runtime1 stub}
  0x00000207632178ec: e80f df4e 

  0x00000207632178f0: ; ImmutableOopMap {rdx=Oop [56]=Oop }
                      ;*synchronization entry
                      ; - java.lang.invoke.LambdaForm::prepare@-1 (line 806)
  0x00000207632178f0: 07e9 51fa 

  0x00000207632178f4: ;   {metadata({method} {0x00000207003ffe28} 'forceInterpretation' '()Z' in 'java/lang/invoke/LambdaForm')}
  0x00000207632178f4: ffff 49ba | 20fe 3f00 | 0702 0000 | 4c89 5424 | 0848 c704 | 24ff ffff 

  0x000002076321790c: ;   {runtime_call counter_overflow Runtime1 stub}
  0x000002076321790c: ffe8 eede 

  0x0000020763217910: ; ImmutableOopMap {rdx=Oop [56]=Oop }
                      ;*synchronization entry
                      ; - java.lang.invoke.LambdaForm::forceInterpretation@-1 (line 923)
                      ; - java.lang.invoke.LambdaForm::prepare@7 (line 806)
  0x0000020763217910: 4e07 e97c 

  0x0000020763217914: ;   {runtime_call throw_null_pointer_exception Runtime1 stub}
  0x0000020763217914: faff ffe8 

  0x0000020763217918: ; ImmutableOopMap {rax=Oop [56]=Oop [64]=Oop }
                      ;*invokevirtual form {reexecute=0 rethrow=0 return_oop=0}
                      ; - java.lang.invoke.LambdaForm::prepare@38 (line 814)
  0x0000020763217918: 647b 4e07 

  0x000002076321791c: ;   {runtime_call throw_null_pointer_exception Runtime1 stub}
  0x000002076321791c: e85f 7b4e 

  0x0000020763217920: ; ImmutableOopMap {rax=Oop rdx=Oop [56]=Oop [64]=Oop }
                      ;*invokevirtual cachedLambdaForm {reexecute=0 rethrow=0 return_oop=0}
                      ; - java.lang.invoke.LambdaForm::prepare@43 (line 814)
                      ;   {metadata({method} {0x00000207003fecf8} 'cachedLambdaForm' '(I)Ljava/lang/invoke/LambdaForm;' in 'java/lang/invoke/MethodTypeForm')}
  0x0000020763217920: 0749 baf0 | ec3f 0007 | 0200 004c | 8954 2408 | 48c7 0424 | ffff ffff 

  0x0000020763217938: ;   {runtime_call counter_overflow Runtime1 stub}
  0x0000020763217938: e8c3 de4e 

  0x000002076321793c: ; ImmutableOopMap {rax=Oop rdx=Oop [56]=Oop [64]=Oop }
                      ;*synchronization entry
                      ; - java.lang.invoke.MethodTypeForm::cachedLambdaForm@-1 (line 131)
                      ; - java.lang.invoke.LambdaForm::prepare@43 (line 814)
  0x000002076321793c: 07e9 29fc 

  0x0000020763217940: ;   {runtime_call throw_null_pointer_exception Runtime1 stub}
  0x0000020763217940: ffff e839 

  0x0000020763217944: ; ImmutableOopMap {rax=Oop rdx=Oop [56]=Oop [64]=Oop }
                      ;*aaload {reexecute=0 rethrow=0 return_oop=0}
                      ; - java.lang.invoke.MethodTypeForm::cachedLambdaForm@5 (line 131)
                      ; - java.lang.invoke.LambdaForm::prepare@43 (line 814)
  0x0000020763217944: 7b4e 0748 | c704 2406 | 0000 0048 | 8954 2408 

  0x0000020763217954: ;   {runtime_call throw_range_check_failed Runtime1 stub}
  0x0000020763217954: e827 724e 

  0x0000020763217958: ; ImmutableOopMap {rax=Oop rdx=Oop [56]=Oop [64]=Oop }
                      ;*aaload {reexecute=0 rethrow=0 return_oop=0}
                      ; - java.lang.invoke.MethodTypeForm::cachedLambdaForm@5 (line 131)
                      ; - java.lang.invoke.LambdaForm::prepare@43 (line 814)
                      ;   {runtime_call throw_null_pointer_exception Runtime1 stub}
  0x0000020763217958: 07e8 227b 

  0x000002076321795c: ; ImmutableOopMap {rdx=Oop [56]=Oop [64]=Oop }
                      ;*invokevirtual get {reexecute=0 rethrow=0 return_oop=0}
                      ; - java.lang.invoke.MethodTypeForm::cachedLambdaForm@12 (line 132)
                      ; - java.lang.invoke.LambdaForm::prepare@43 (line 814)
  0x000002076321795c: 4e07 4889 

  0x0000020763217960: ;   {runtime_call throw_class_cast_exception Runtime1 stub}
  0x0000020763217960: 0424 e819 

  0x0000020763217964: ; ImmutableOopMap {[56]=Oop [64]=Oop }
                      ;*checkcast {reexecute=0 rethrow=0 return_oop=0}
                      ; - java.lang.invoke.MethodTypeForm::cachedLambdaForm@15 (line 132)
                      ; - java.lang.invoke.LambdaForm::prepare@43 (line 814)
  0x0000020763217964: 9f4e 0745 | 8b41 2849 | 83f8 000f | 84a2 feff | ff4c 8904 

  0x0000020763217978: ;   {runtime_call g1_pre_barrier_slow}
  0x0000020763217978: 24e8 02e9 | 4e07 e994 

  0x0000020763217980: ;   {runtime_call throw_null_pointer_exception Runtime1 stub}
  0x0000020763217980: feff ffe8 

  0x0000020763217984: ; ImmutableOopMap {rax=Oop r9=Oop [56]=Oop [64]=Oop }
                      ;*putfield vmentry {reexecute=1 rethrow=0 return_oop=0}
                      ; - (reexecute) java.lang.invoke.LambdaForm::prepare@85 (line 818)
  0x0000020763217984: f87a 4e07 | 4883 f800 | 0f84 a0fe | ffff 4c89 

  0x0000020763217994: ;   {runtime_call g1_post_barrier_slow}
  0x0000020763217994: 0c24 e8e5 | eb4e 07e9 | 92fe ffff 

  0x00000207632179a0: ;   {runtime_call throw_null_pointer_exception Runtime1 stub}
  0x00000207632179a0: e8db 7a4e 

  0x00000207632179a4: ; ImmutableOopMap {r9=Oop rdx=Oop [56]=Oop }
                      ;*invokevirtual setCachedLambdaForm {reexecute=0 rethrow=0 return_oop=0}
                      ; - java.lang.invoke.LambdaForm::prepare@95 (line 819)
                      ;   {runtime_call throw_null_pointer_exception Runtime1 stub}
  0x00000207632179a4: 07e8 d67a 

  0x00000207632179a8: ; ImmutableOopMap {rsi=Oop [56]=Oop }
                      ;*getfield vmentry {reexecute=1 rethrow=0 return_oop=0}
                      ; - (reexecute) java.lang.invoke.LambdaForm::prepare@101 (line 821)
  0x00000207632179a8: 4e07 8b5e | 2848 83fb | 000f 84dd | feff ff48 

  0x00000207632179b8: ;   {runtime_call g1_pre_barrier_slow}
  0x00000207632179b8: 891c 24e8 | c0e8 4e07 | e9cf feff | ff48 83ff | 000f 84e0 | feff ff48 

  0x00000207632179d0: ;   {runtime_call g1_post_barrier_slow}
  0x00000207632179d0: 8934 24e8 | a8eb 4e07 | e9d2 feff 

  0x00000207632179dc: ;   {internal_word}
  0x00000207632179dc: ff49 bab4 | 7821 6307 | 0200 004d | 8997 6804 

  0x00000207632179ec: ;   {runtime_call SafepointBlob}
  0x00000207632179ec: 0000 e90d 

  0x00000207632179f0: ;   {internal_word}
  0x00000207632179f0: dd42 0749 | bac7 7821 | 6307 0200 | 004d 8997 | 6804 0000 

  0x0000020763217a04: ;   {runtime_call SafepointBlob}
  0x0000020763217a04: e9f7 dc42 

  0x0000020763217a08: ;   {runtime_call throw_null_pointer_exception Runtime1 stub}
  0x0000020763217a08: 07e8 727a 

  0x0000020763217a0c: ; ImmutableOopMap {rax=Oop r9=Oop [56]=Oop [64]=Oop }
                      ;*putfield vmentry {reexecute=1 rethrow=0 return_oop=0}
                      ; - (reexecute) java.lang.invoke.LambdaForm::prepare@85 (line 818)
  0x0000020763217a0c: 4e07 498b | 8700 0500 | 0049 c787 | 0005 0000 | 0000 0000 | 49c7 8708 | 0500 0000 | 0000 0048 
  0x0000020763217a2c: 83c4 605d 

  0x0000020763217a30: ;   {runtime_call unwind_exception Runtime1 stub}
  0x0000020763217a30: e94b 6b4e | 07f4 f4f4 
[Stub Code]
  0x0000020763217a38: ;   {no_reloc}
  0x0000020763217a38: 0f1f 4400 

  0x0000020763217a3c: ;   {static_stub}
  0x0000020763217a3c: 0048 bbd8 | 0b09 0007 

  0x0000020763217a44: ;   {runtime_call I2C/C2I adapters}
  0x0000020763217a44: 0200 00e9 | 17ba 4207 

  0x0000020763217a4c: ;   {static_stub}
  0x0000020763217a4c: 9048 bb00 | 0000 0000 

  0x0000020763217a54: ;   {runtime_call}
  0x0000020763217a54: 0000 00e9 | fbff ffff 

  0x0000020763217a5c: ;   {static_stub}
  0x0000020763217a5c: 9048 bb00 | 0000 0000 

  0x0000020763217a64: ;   {runtime_call}
  0x0000020763217a64: 0000 00e9 | fbff ffff 

  0x0000020763217a6c: ;   {static_stub}
  0x0000020763217a6c: 48bb 0000 | 0000 0000 

  0x0000020763217a74: ;   {runtime_call}
  0x0000020763217a74: 0000 e9fb 

  0x0000020763217a78: ;   {static_stub}
  0x0000020763217a78: ffff ff48 | bb00 0000 | 0000 0000 

  0x0000020763217a84: ;   {runtime_call}
  0x0000020763217a84: 00e9 fbff 

  0x0000020763217a88: ;   {static_stub}
  0x0000020763217a88: ffff 48bb | 0000 0000 | 0000 0000 

  0x0000020763217a94: ;   {runtime_call}
  0x0000020763217a94: e9fb ffff 

  0x0000020763217a98: ;   {runtime_call handle_exception_from_callee Runtime1 stub}
  0x0000020763217a98: ffe8 e297 

  0x0000020763217a9c: ;   {external_word}
  0x0000020763217a9c: 4e07 48b9 | e047 c482 | fa7f 0000 | 4883 e4f0 

  0x0000020763217aac: ;   {runtime_call}
  0x0000020763217aac: 48b8 4024 | 8c82 fa7f | 0000 ffd0 

  0x0000020763217ab8: ;   {section_word}
  0x0000020763217ab8: f449 bab9 | 7a21 6307 | 0200 0041 

  0x0000020763217ac4: ;   {runtime_call DeoptimizationBlob}
  0x0000020763217ac4: 52e9 d6ce | 4207 f4f4 | f4f4 f4f4 
[/MachCode]


Compiled method (c1)    2023  835       3       java.lang.invoke.MethodHandle::<init> (37 bytes)
 total in heap  [0x0000020763216690,0x0000020763217030] = 2464
 relocation     [0x00000207632167f0,0x0000020763216898] = 168
 main code      [0x00000207632168a0,0x0000020763216db8] = 1304
 stub code      [0x0000020763216db8,0x0000020763216e20] = 104
 metadata       [0x0000020763216e20,0x0000020763216e58] = 56
 scopes data    [0x0000020763216e58,0x0000020763216f08] = 176
 scopes pcs     [0x0000020763216f08,0x0000020763217008] = 256
 dependencies   [0x0000020763217008,0x0000020763217018] = 16
 nul chk table  [0x0000020763217018,0x0000020763217030] = 24

[Constant Pool (empty)]

[MachCode]
[Entry Point]
  # {method} {0x000002070040fa20} '<init>' '(Ljava/lang/invoke/MethodType;Ljava/lang/invoke/LambdaForm;)V' in 'java/lang/invoke/MethodHandle'
  # this:     rdx:rdx   = 'java/lang/invoke/MethodHandle'
  # parm0:    r8:r8     = 'java/lang/invoke/MethodType'
  # parm1:    r9:r9     = 'java/lang/invoke/LambdaForm'
  #           [sp+0x70]  (sp of caller)
  0x00000207632168a0: 448b 5208 | 49bb 0000 | 0000 0702 | 0000 4d03 | d34c 3bd0 

  0x00000207632168b4: ;   {runtime_call ic_miss_stub}
  0x00000207632168b4: 0f85 c67e | 4207 660f | 1f44 0000 
[Verified Entry Point]
  0x00000207632168c0: 8984 2400 | 80ff ff55 | 4883 ec60 | 4181 7f20 | 0100 0000 

  0x00000207632168d4: ;   {runtime_call StubRoutines (final stubs)}
  0x00000207632168d4: 7405 e885 | e540 0748 | 8954 2430 

  0x00000207632168e0: ;   {metadata(method data for {method} {0x000002070040fa20} '<init>' '(Ljava/lang/invoke/MethodType;Ljava/lang/invoke/LambdaForm;)V' in 'java/lang/invoke/MethodHandle')}
  0x00000207632168e0: 48be 00ae | 1f76 0702 | 0000 8bbe | cc00 0000 | 83c7 0289 | becc 0000 | 0081 e7fe | 0700 0085 
  0x0000020763216900: ff0f 842f | 0300 0048 

  0x0000020763216908: ;   {metadata(method data for {method} {0x000002070040fa20} '<init>' '(Ljava/lang/invoke/MethodType;Ljava/lang/invoke/LambdaForm;)V' in 'java/lang/invoke/MethodHandle')}
  0x0000020763216908: 8bf2 48bf | 00ae 1f76 | 0702 0000 | 4883 8710 | 0100 0001 

  0x000002076321691c: ;   {metadata(method data for {method} {0x000002070047b460} '<init>' '()V' in 'java/lang/Object')}
  0x000002076321691c: 48be 606a | 0076 0702 | 0000 8bbe | cc00 0000 | 83c7 0289 | becc 0000 | 0081 e7fe | ff1f 0085 
  0x000002076321693c: ff0f 8414 

  0x0000020763216940: ;   {metadata(method data for {method} {0x000002070040fa20} '<init>' '(Ljava/lang/invoke/MethodType;Ljava/lang/invoke/LambdaForm;)V' in 'java/lang/invoke/MethodHandle')}
  0x0000020763216940: 0300 0048 | be00 ae1f | 7607 0200 | 0048 8386 | 2001 0000 

  0x0000020763216954: ;   {metadata(method data for {method} {0x0000020700056998} 'requireNonNull' '(Ljava/lang/Object;)Ljava/lang/Object;' in 'java/util/Objects')}
  0x0000020763216954: 0148 bea8 | de00 7607 | 0200 008b | becc 0000 | 0083 c702 | 89be cc00 | 0000 81e7 | feff 1f00 
  0x0000020763216974: 85ff 0f84 | fc02 0000 

  0x000002076321697c: ;   {metadata(method data for {method} {0x0000020700056998} 'requireNonNull' '(Ljava/lang/Object;)Ljava/lang/Object;' in 'java/util/Objects')}
  0x000002076321697c: 4d85 c048 | bea8 de00 | 7607 0200 | 0048 bf20 | 0100 0000 | 0000 0074 | 0a48 bf10 | 0100 0000 
  0x000002076321699c: 0000 0048 | 8b1c 3e48 | 8d5b 0148 | 891c 3e0f | 84e5 0100 | 0041 0fbe | 7740 85f6 | 0f85 db02 
  0x00000207632169bc: 0000 4d8b | d044 8952 | 1048 8bf2 | 4933 f048 | c1ee 1448 | 83fe 000f | 85db 0200 

  0x00000207632169d8: ;   {metadata(method data for {method} {0x000002070040fa20} '<init>' '(Ljava/lang/invoke/MethodType;Ljava/lang/invoke/LambdaForm;)V' in 'java/lang/invoke/MethodHandle')}
  0x00000207632169d8: 0048 be00 | ae1f 7607 | 0200 0048 | 8386 6801 

  0x00000207632169e8: ;   {metadata(method data for {method} {0x0000020700056998} 'requireNonNull' '(Ljava/lang/Object;)Ljava/lang/Object;' in 'java/util/Objects')}
  0x00000207632169e8: 0000 0148 | bea8 de00 | 7607 0200 | 008b becc | 0000 0083 | c702 89be | cc00 0000 | 81e7 feff 
  0x0000020763216a08: 1f00 85ff | 0f84 ba02 | 0000 4d85 

  0x0000020763216a14: ;   {metadata(method data for {method} {0x0000020700056998} 'requireNonNull' '(Ljava/lang/Object;)Ljava/lang/Object;' in 'java/util/Objects')}
  0x0000020763216a14: c948 bea8 | de00 7607 | 0200 0048 | bf20 0100 | 0000 0000 | 0074 0a48 | bf10 0100 | 0000 0000 
  0x0000020763216a34: 0048 8b1c | 3e48 8d5b | 0148 891c | 3e0f 84b8 | 0000 0049 | 3b01 498b 

  0x0000020763216a4c: ;   {metadata(method data for {method} {0x000002070040fa20} '<init>' '(Ljava/lang/invoke/MethodType;Ljava/lang/invoke/LambdaForm;)V' in 'java/lang/invoke/MethodHandle')}
  0x0000020763216a4c: f148 bf00 | ae1f 7607 

  0x0000020763216a54: ;   {metadata('java/lang/invoke/LambdaForm')}
  0x0000020763216a54: 0200 0049 | bae0 0509 | 0007 0200 | 004c 8997 | c001 0000 | 4883 87c8 | 0100 0001 | 498b d10f 
  0x0000020763216a74: ;   {optimized virtual_call}
  0x0000020763216a74: 1f40 00e8 

  0x0000020763216a78: ; ImmutableOopMap {[48]=Oop }
                      ;*invokevirtual uncustomize {reexecute=0 rethrow=0 return_oop=0}
                      ; - java.lang.invoke.MethodHandle::<init>@23 (line 480)
  0x0000020763216a78: 04b0 f9ff 

  0x0000020763216a7c: ;   {other}
  0x0000020763216a7c: 0f1f 8400 | ec03 0000 | 410f be57 | 4085 d248 | 8b54 2430 | 0f85 5c02 | 0000 4c8b | d044 8952 
  0x0000020763216a9c: 1448 8bf2 | 4833 f048 | c1ee 1448 | 83fe 000f | 855c 0200 | 0048 3b00 

  0x0000020763216ab4: ;   {metadata(method data for {method} {0x000002070040fa20} '<init>' '(Ljava/lang/invoke/MethodType;Ljava/lang/invoke/LambdaForm;)V' in 'java/lang/invoke/MethodHandle')}
  0x0000020763216ab4: 488b d048 | be00 ae1f | 7607 0200 

  0x0000020763216ac0: ;   {metadata('java/lang/invoke/LambdaForm')}
  0x0000020763216ac0: 0049 bae0 | 0509 0007 | 0200 004c | 8996 f801 | 0000 4883 | 8600 0200 | 0001 488b 

  0x0000020763216adc: ;   {optimized virtual_call}
  0x0000020763216adc: d066 90e8 

  0x0000020763216ae0: ; ImmutableOopMap {}
                      ;*invokevirtual prepare {reexecute=0 rethrow=0 return_oop=0}
                      ; - java.lang.invoke.MethodHandle::<init>@33 (line 482)
  0x0000020763216ae0: 1c08 0000 

  0x0000020763216ae4: ;   {other}
  0x0000020763216ae4: 0f1f 8400 | 5404 0001 | 4883 c460 

  0x0000020763216af0: ;   {poll_return}
  0x0000020763216af0: 5d49 3ba7 | 5004 0000 | 0f87 2c02 | 0000 c390 

  0x0000020763216b00: ;   {no_reloc}
  0x0000020763216b00: e94a 0200 | 0000 0000 | 0000 498b | 87b8 0100 | 0048 8d78 | 3049 3bbf | c801 0000 | 0f87 3702 
  0x0000020763216b20: 0000 4989 | bfb8 0100 | 0048 c700 | 0100 0000 | 488b ca49 | ba00 0000 | 0007 0200 | 0049 2bca 
  0x0000020763216b40: 8948 0848 | 33c9 8948 | 0c48 33c9 | 4889 4810 | 4889 4818 | 4889 4820 | 4889 4828 

  0x0000020763216b5c: ;   {metadata(method data for {method} {0x0000020700056998} 'requireNonNull' '(Ljava/lang/Object;)Ljava/lang/Object;' in 'java/util/Objects')}
  0x0000020763216b5c: 488b d048 | bea8 de00 | 7607 0200 | 0048 8386 | 3001 0000 | 0148 8bd0 | 4889 4424 | 3866 0f1f 
  0x0000020763216b7c: ;   {optimized virtual_call}
  0x0000020763216b7c: 4400 00e8 

  0x0000020763216b80: ; ImmutableOopMap {[48]=Oop [56]=Oop }
                      ;*invokespecial <init> {reexecute=0 rethrow=0 return_oop=0}
                      ; - java.util.Objects::requireNonNull@8 (line 233)
                      ; - java.lang.invoke.MethodHandle::<init>@17 (line 480)
  0x0000020763216b80: fc7e 4207 

  0x0000020763216b84: ;   {other}
  0x0000020763216b84: 0f1f 8400 | f404 0002 | 488b 4424 | 38e9 1302 | 0000 4c89 | 4c24 480f | 1f44 0000 

  0x0000020763216ba0: ;   {no_reloc}
  0x0000020763216ba0: e9d0 0100 | 0000 0000 | 0000 498b | 87b8 0100 | 0048 8d78 | 3049 3bbf | c801 0000 | 0f87 bd01 
  0x0000020763216bc0: 0000 4989 | bfb8 0100 | 0048 c700 | 0100 0000 | 488b ca49 | ba00 0000 | 0007 0200 | 0049 2bca 
  0x0000020763216be0: 8948 0848 | 33c9 8948 | 0c48 33c9 | 4889 4810 | 4889 4818 | 4889 4820 | 4889 4828 

  0x0000020763216bfc: ;   {metadata(method data for {method} {0x0000020700056998} 'requireNonNull' '(Ljava/lang/Object;)Ljava/lang/Object;' in 'java/util/Objects')}
  0x0000020763216bfc: 488b d048 | bea8 de00 | 7607 0200 | 0048 8386 | 3001 0000 | 0148 8bd0 | 4889 4424 | 4066 0f1f 
  0x0000020763216c1c: ;   {optimized virtual_call}
  0x0000020763216c1c: 4400 00e8 

  0x0000020763216c20: ; ImmutableOopMap {[48]=Oop [64]=Oop [72]=Oop }
                      ;*invokespecial <init> {reexecute=0 rethrow=0 return_oop=0}
                      ; - java.util.Objects::requireNonNull@8 (line 233)
                      ; - java.lang.invoke.MethodHandle::<init>@6 (line 479)
  0x0000020763216c20: 5c7e 4207 

  0x0000020763216c24: ;   {other}
  0x0000020763216c24: 0f1f 8400 | 9405 0003 | 488b 4424 | 40e9 7301 

  0x0000020763216c34: ;   {metadata({method} {0x000002070040fa20} '<init>' '(Ljava/lang/invoke/MethodType;Ljava/lang/invoke/LambdaForm;)V' in 'java/lang/invoke/MethodHandle')}
  0x0000020763216c34: 0000 49ba | 18fa 4000 | 0702 0000 | 4c89 5424 | 0848 c704 | 24ff ffff 

  0x0000020763216c4c: ;   {runtime_call counter_overflow Runtime1 stub}
  0x0000020763216c4c: ffe8 aeeb 

  0x0000020763216c50: ; ImmutableOopMap {rdx=Oop r8=Oop r9=Oop [48]=Oop }
                      ;*synchronization entry
                      ; - java.lang.invoke.MethodHandle::<init>@-1 (line 478)
  0x0000020763216c50: 4e07 e9b0 

  0x0000020763216c54: ;   {metadata({method} {0x000002070047b460} '<init>' '()V' in 'java/lang/Object')}
  0x0000020763216c54: fcff ff49 | ba58 b447 | 0007 0200 | 004c 8954 | 2408 48c7 | 0424 ffff 

  0x0000020763216c6c: ;   {runtime_call counter_overflow Runtime1 stub}
  0x0000020763216c6c: ffff e88d 

  0x0000020763216c70: ; ImmutableOopMap {rdx=Oop r8=Oop r9=Oop [48]=Oop }
                      ;*synchronization entry
                      ; - java.lang.Object::<init>@-1 (line 45)
                      ; - java.lang.invoke.MethodHandle::<init>@1 (line 478)
  0x0000020763216c70: eb4e 07e9 | cbfc ffff 

  0x0000020763216c78: ;   {metadata({method} {0x0000020700056998} 'requireNonNull' '(Ljava/lang/Object;)Ljava/lang/Object;' in 'java/util/Objects')}
  0x0000020763216c78: 49ba 9069 | 0500 0702 | 0000 4c89 | 5424 0848 | c704 24ff 

  0x0000020763216c8c: ;   {runtime_call counter_overflow Runtime1 stub}
  0x0000020763216c8c: ffff ffe8 

  0x0000020763216c90: ; ImmutableOopMap {rdx=Oop r8=Oop r9=Oop [48]=Oop }
                      ;*synchronization entry
                      ; - java.util.Objects::requireNonNull@-1 (line 232)
                      ; - java.lang.invoke.MethodHandle::<init>@6 (line 479)
  0x0000020763216c90: 6ceb 4e07 | e9e3 fcff | ff8b 7210 | 4883 fe00 | 0f84 18fd | ffff 4889 

  0x0000020763216ca8: ;   {runtime_call g1_pre_barrier_slow}
  0x0000020763216ca8: 3424 e8d1 | f54e 07e9 | 0afd ffff | 4983 f800 | 0f84 1bfd | ffff 4889 

  0x0000020763216cc0: ;   {runtime_call g1_post_barrier_slow}
  0x0000020763216cc0: 1424 e8b9 | f84e 07e9 | 0dfd ffff 

  0x0000020763216ccc: ;   {metadata({method} {0x0000020700056998} 'requireNonNull' '(Ljava/lang/Object;)Ljava/lang/Object;' in 'java/util/Objects')}
  0x0000020763216ccc: 49ba 9069 | 0500 0702 | 0000 4c89 | 5424 0848 | c704 24ff 

  0x0000020763216ce0: ;   {runtime_call counter_overflow Runtime1 stub}
  0x0000020763216ce0: ffff ffe8 

  0x0000020763216ce4: ; ImmutableOopMap {rdx=Oop r9=Oop [48]=Oop }
                      ;*synchronization entry
                      ; - java.util.Objects::requireNonNull@-1 (line 232)
                      ; - java.lang.invoke.MethodHandle::<init>@17 (line 480)
  0x0000020763216ce4: 18eb 4e07 | e925 fdff 

  0x0000020763216cec: ;   {runtime_call throw_null_pointer_exception Runtime1 stub}
  0x0000020763216cec: ffe8 8e87 

  0x0000020763216cf0: ; ImmutableOopMap {r9=Oop [48]=Oop }
                      ;*invokevirtual uncustomize {reexecute=0 rethrow=0 return_oop=0}
                      ; - java.lang.invoke.MethodHandle::<init>@23 (line 480)
  0x0000020763216cf0: 4e07 8b72 | 1448 83fe | 000f 8497 | fdff ff48 

  0x0000020763216d00: ;   {runtime_call g1_pre_barrier_slow}
  0x0000020763216d00: 8934 24e8 | 78f5 4e07 | e989 fdff | ff48 83f8 | 000f 849a | fdff ff48 

  0x0000020763216d18: ;   {runtime_call g1_post_barrier_slow}
  0x0000020763216d18: 8914 24e8 | 60f8 4e07 | e98c fdff 

  0x0000020763216d24: ;   {runtime_call throw_null_pointer_exception Runtime1 stub}
  0x0000020763216d24: ffe8 5687 

  0x0000020763216d28: ; ImmutableOopMap {rax=Oop }
                      ;*invokevirtual prepare {reexecute=0 rethrow=0 return_oop=0}
                      ; - java.lang.invoke.MethodHandle::<init>@33 (line 482)
                      ;   {internal_word}
  0x0000020763216d28: 4e07 49ba | f16a 2163 | 0702 0000 | 4d89 9768 

  0x0000020763216d38: ;   {runtime_call SafepointBlob}
  0x0000020763216d38: 0400 00e9 | c0e9 4207 

  0x0000020763216d40: ;   {metadata(nullptr)}
  0x0000020763216d40: 48ba 0000 | 0000 0000 | 0000 b800 

  0x0000020763216d4c: ;   {runtime_call load_klass_patching Runtime1 stub}
  0x0000020763216d4c: 0f05 0ae8 

  0x0000020763216d50: ; ImmutableOopMap {[48]=Oop }
                      ;*new {reexecute=1 rethrow=0 return_oop=0}
                      ; - (reexecute) java.util.Objects::requireNonNull@4 (line 233)
                      ; - java.lang.invoke.MethodHandle::<init>@17 (line 480)
  0x0000020763216d50: 2cd1 4e07 | e9a7 fdff | ff48 8bd2 

  0x0000020763216d5c: ;   {runtime_call fast_new_instance Runtime1 stub}
  0x0000020763216d5c: e81f 904e 

  0x0000020763216d60: ; ImmutableOopMap {[48]=Oop }
                      ;*new {reexecute=0 rethrow=0 return_oop=0}
                      ; - java.util.Objects::requireNonNull@4 (line 233)
                      ; - java.lang.invoke.MethodHandle::<init>@17 (line 480)
  0x0000020763216d60: 07e9 f6fd 

  0x0000020763216d64: ;   {metadata(nullptr)}
  0x0000020763216d64: ffff 48ba | 0000 0000 | 0000 0000 | b800 0f05 

  0x0000020763216d74: ;   {runtime_call load_klass_patching Runtime1 stub}
  0x0000020763216d74: 0ae8 06d1 

  0x0000020763216d78: ; ImmutableOopMap {[48]=Oop [72]=Oop }
                      ;*new {reexecute=1 rethrow=0 return_oop=0}
                      ; - (reexecute) java.util.Objects::requireNonNull@4 (line 233)
                      ; - java.lang.invoke.MethodHandle::<init>@6 (line 479)
  0x0000020763216d78: 4e07 e921 | feff ff48 

  0x0000020763216d80: ;   {runtime_call fast_new_instance Runtime1 stub}
  0x0000020763216d80: 8bd2 e8f9 

  0x0000020763216d84: ; ImmutableOopMap {[48]=Oop [72]=Oop }
                      ;*new {reexecute=0 rethrow=0 return_oop=0}
                      ; - java.util.Objects::requireNonNull@4 (line 233)
                      ; - java.lang.invoke.MethodHandle::<init>@6 (line 479)
  0x0000020763216d84: 8f4e 07e9 | 70fe ffff | 498b 8700 | 0500 0049 | c787 0005 | 0000 0000 | 0000 49c7 | 8708 0500 
  0x0000020763216da4: 0000 0000 | 0048 83c4 

  0x0000020763216dac: ;   {runtime_call unwind_exception Runtime1 stub}
  0x0000020763216dac: 605d e9cd | 774e 07f4 | f4f4 f4f4 
[Stub Code]
  0x0000020763216db8: ;   {no_reloc}
  0x0000020763216db8: 0f1f 4400 

  0x0000020763216dbc: ;   {static_stub}
  0x0000020763216dbc: 0048 bb00 | 0000 0000 

  0x0000020763216dc4: ;   {runtime_call}
  0x0000020763216dc4: 0000 00e9 | fbff ffff 

  0x0000020763216dcc: ;   {static_stub}
  0x0000020763216dcc: 9048 bb00 | 0000 0000 

  0x0000020763216dd4: ;   {runtime_call}
  0x0000020763216dd4: 0000 00e9 | fbff ffff 

  0x0000020763216ddc: ;   {static_stub}
  0x0000020763216ddc: 48bb 0000 | 0000 0000 

  0x0000020763216de4: ;   {runtime_call}
  0x0000020763216de4: 0000 e9fb 

  0x0000020763216de8: ;   {runtime_call handle_exception_from_callee Runtime1 stub}
  0x0000020763216de8: ffff ffe8 | 90a4 4e07 

  0x0000020763216df0: ;   {external_word}
  0x0000020763216df0: 48b9 e047 | c482 fa7f | 0000 4883 

  0x0000020763216dfc: ;   {runtime_call}
  0x0000020763216dfc: e4f0 48b8 | 4024 8c82 | fa7f 0000 

  0x0000020763216e08: ;   {section_word}
  0x0000020763216e08: ffd0 f449 | ba0b 6e21 | 6307 0200 

  0x0000020763216e14: ;   {runtime_call DeoptimizationBlob}
  0x0000020763216e14: 0041 52e9 | 84db 4207 | f4f4 f4f4 
[/MachCode]


---------------  P R O C E S S  ---------------

Threads class SMR info:
_java_thread_list=0x000002077a307a40, length=12, elements={
0x0000020758b002c0, 0x00000207758cb920, 0x00000207758cc840, 0x00000207758d2d90,
0x00000207758d5800, 0x00000207758e2280, 0x00000207758e4cf0, 0x00000207758f0860,
0x00000207758f4f30, 0x00000207758a03a0, 0x000002077a18cde0, 0x000002077a18d450
}

Java Threads: ( => current thread )
=>0x0000020758b002c0 JavaThread "main"                              [_thread_in_vm, id=10384, stack(0x000000deea200000,0x000000deea300000) (1024K)]
  0x00000207758cb920 JavaThread "Reference Handler"          daemon [_thread_blocked, id=14136, stack(0x000000deeaa00000,0x000000deeab00000) (1024K)]
  0x00000207758cc840 JavaThread "Finalizer"                  daemon [_thread_blocked, id=11144, stack(0x000000deeab00000,0x000000deeac00000) (1024K)]
  0x00000207758d2d90 JavaThread "Signal Dispatcher"          daemon [_thread_blocked, id=14884, stack(0x000000deeac00000,0x000000deead00000) (1024K)]
  0x00000207758d5800 JavaThread "Attach Listener"            daemon [_thread_blocked, id=19812, stack(0x000000deead00000,0x000000deeae00000) (1024K)]
  0x00000207758e2280 JavaThread "Service Thread"             daemon [_thread_blocked, id=14152, stack(0x000000deeae00000,0x000000deeaf00000) (1024K)]
  0x00000207758e4cf0 JavaThread "Monitor Deflation Thread"   daemon [_thread_blocked, id=7888, stack(0x000000deeaf00000,0x000000deeb000000) (1024K)]
  0x00000207758f0860 JavaThread "C2 CompilerThread0"         daemon [_thread_blocked, id=11408, stack(0x000000deeb000000,0x000000deeb100000) (1024K)]
  0x00000207758f4f30 JavaThread "C1 CompilerThread0"         daemon [_thread_blocked, id=556, stack(0x000000deeb100000,0x000000deeb200000) (1024K)]
  0x00000207758a03a0 JavaThread "Common-Cleaner"             daemon [_thread_blocked, id=22792, stack(0x000000deeb200000,0x000000deeb300000) (1024K)]
  0x000002077a18cde0 JavaThread "Monitor Ctrl-Break"         daemon [_thread_in_native, id=21432, stack(0x000000deeb400000,0x000000deeb500000) (1024K)]
  0x000002077a18d450 JavaThread "Notification Thread"        daemon [_thread_blocked, id=13304, stack(0x000000deeb500000,0x000000deeb600000) (1024K)]
Total: 12

Other Threads:
  0x00000207758b8f20 VMThread "VM Thread"                           [id=4976, stack(0x000000deea900000,0x000000deeaa00000) (1024K)]
  0x000002077589f230 WatcherThread "VM Periodic Task Thread"        [id=8288, stack(0x000000deea800000,0x000000deea900000) (1024K)]
  0x000002075acbb960 WorkerThread "GC Thread#0"                     [id=13832, stack(0x000000deea300000,0x000000deea400000) (1024K)]
  0x000002077a4119c0 WorkerThread "GC Thread#1"                     [id=14680, stack(0x000000deeb600000,0x000000deeb700000) (1024K)]
  0x000002077a372a70 WorkerThread "GC Thread#2"                     [id=20064, stack(0x000000deeb700000,0x000000deeb800000) (1024K)]
  0x000002077a2bdb40 WorkerThread "GC Thread#3"                     [id=26056, stack(0x000000deeb800000,0x000000deeb900000) (1024K)]
  0x000002075acc50e0 ConcurrentGCThread "G1 Main Marker"            [id=7112, stack(0x000000deea400000,0x000000deea500000) (1024K)]
  0x000002075acc5ca0 WorkerThread "G1 Conc#0"                       [id=10140, stack(0x000000deea500000,0x000000deea600000) (1024K)]
  0x000002075ad22a00 ConcurrentGCThread "G1 Refine#0"               [id=21924, stack(0x000000deea600000,0x000000deea700000) (1024K)]
  0x000002075ad23480 ConcurrentGCThread "G1 Service"                [id=16292, stack(0x000000deea700000,0x000000deea800000) (1024K)]
Total: 10

Threads with active compile tasks:
Total: 0

VM state: not at safepoint (normal execution)

VM Mutex/Monitor currently owned by a thread:  ([mutex/lock_event])
[0x00007ffa82edace8] Metaspace_lock - owner thread: 0x0000020758b002c0

Heap address: 0x00000000c1c00000, size: 996 MB, Compressed Oops mode: 32-bit

CDS archive(s) mapped at: [0x0000020700000000-0x0000020700c90000-0x0000020700c90000), size 13172736, SharedBaseAddress: 0x0000020700000000, ArchiveRelocationMode: 1.
Compressed class space mapped at: 0x0000020701000000-0x0000020741000000, reserved size: 1073741824
Narrow klass base: 0x0000020700000000, Narrow klass shift: 0, Narrow klass range: 0x100000000

GC Precious Log:
 CardTable entry size: 512
 Card Set container configuration: InlinePtr #cards 5 size 8 Array Of Cards #cards 12 size 40 Howl #buckets 4 coarsen threshold 1843 Howl Bitmap #cards 512 size 80 coarsen threshold 460 Card regions per heap region 1 cards per card region 2048
 CPUs: 4 total, 4 available
 Memory: 3981M
 Large Page Support: Disabled
 NUMA Support: Disabled
 Compressed Oops: Enabled (32-bit)
 Heap Region Size: 1M
 Heap Min Capacity: 8M
 Heap Initial Capacity: 64M
 Heap Max Capacity: 996M
 Pre-touch: Disabled
 Parallel Workers: 4
 Concurrent Workers: 1
 Concurrent Refinement Workers: 4
 Periodic GC: Disabled

Heap:
 garbage-first heap   total 65536K, used 9216K [0x00000000c1c00000, 0x0000000100000000)
  region size 1024K, 6 young (6144K), 2 survivors (2048K)
 Metaspace       used 4676K, committed 4864K, reserved 1114112K
  class space    used 500K, committed 576K, reserved 1048576K

Heap Regions: E=young(eden), S=young(survivor), O=old, HS=humongous(starts), HC=humongous(continues), CS=collection set, F=free, TAMS=top-at-mark-start, PB=parsable bottom
|   0|0x00000000c1c00000, 0x00000000c1d00000, 0x00000000c1d00000|100%|HS|  |TAMS 0x00000000c1c00000| PB 0x00000000c1c00000| Complete 
|   1|0x00000000c1d00000, 0x00000000c1e00000, 0x00000000c1e00000|100%| O|  |TAMS 0x00000000c1d00000| PB 0x00000000c1d00000| Untracked 
|   2|0x00000000c1e00000, 0x00000000c1f00000, 0x00000000c1f00000|100%| O|  |TAMS 0x00000000c1e00000| PB 0x00000000c1e00000| Untracked 
|   3|0x00000000c1f00000, 0x00000000c2000000, 0x00000000c2000000|100%| O|  |TAMS 0x00000000c1f00000| PB 0x00000000c1f00000| Untracked 
|   4|0x00000000c2000000, 0x00000000c2000000, 0x00000000c2100000|  0%| F|  |TAMS 0x00000000c2000000| PB 0x00000000c2000000| Untracked 
|   5|0x00000000c2100000, 0x00000000c2100000, 0x00000000c2200000|  0%| F|  |TAMS 0x00000000c2100000| PB 0x00000000c2100000| Untracked 
|   6|0x00000000c2200000, 0x00000000c2200000, 0x00000000c2300000|  0%| F|  |TAMS 0x00000000c2200000| PB 0x00000000c2200000| Untracked 
|   7|0x00000000c2300000, 0x00000000c2300000, 0x00000000c2400000|  0%| F|  |TAMS 0x00000000c2300000| PB 0x00000000c2300000| Untracked 
|   8|0x00000000c2400000, 0x00000000c2400000, 0x00000000c2500000|  0%| F|  |TAMS 0x00000000c2400000| PB 0x00000000c2400000| Untracked 
|   9|0x00000000c2500000, 0x00000000c2500000, 0x00000000c2600000|  0%| F|  |TAMS 0x00000000c2500000| PB 0x00000000c2500000| Untracked 
|  10|0x00000000c2600000, 0x00000000c2600000, 0x00000000c2700000|  0%| F|  |TAMS 0x00000000c2600000| PB 0x00000000c2600000| Untracked 
|  11|0x00000000c2700000, 0x00000000c2700000, 0x00000000c2800000|  0%| F|  |TAMS 0x00000000c2700000| PB 0x00000000c2700000| Untracked 
|  12|0x00000000c2800000, 0x00000000c2800000, 0x00000000c2900000|  0%| F|  |TAMS 0x00000000c2800000| PB 0x00000000c2800000| Untracked 
|  13|0x00000000c2900000, 0x00000000c2900000, 0x00000000c2a00000|  0%| F|  |TAMS 0x00000000c2900000| PB 0x00000000c2900000| Untracked 
|  14|0x00000000c2a00000, 0x00000000c2a00000, 0x00000000c2b00000|  0%| F|  |TAMS 0x00000000c2a00000| PB 0x00000000c2a00000| Untracked 
|  15|0x00000000c2b00000, 0x00000000c2b00000, 0x00000000c2c00000|  0%| F|  |TAMS 0x00000000c2b00000| PB 0x00000000c2b00000| Untracked 
|  16|0x00000000c2c00000, 0x00000000c2c00000, 0x00000000c2d00000|  0%| F|  |TAMS 0x00000000c2c00000| PB 0x00000000c2c00000| Untracked 
|  17|0x00000000c2d00000, 0x00000000c2d00000, 0x00000000c2e00000|  0%| F|  |TAMS 0x00000000c2d00000| PB 0x00000000c2d00000| Untracked 
|  18|0x00000000c2e00000, 0x00000000c2e00000, 0x00000000c2f00000|  0%| F|  |TAMS 0x00000000c2e00000| PB 0x00000000c2e00000| Untracked 
|  19|0x00000000c2f00000, 0x00000000c2f00000, 0x00000000c3000000|  0%| F|  |TAMS 0x00000000c2f00000| PB 0x00000000c2f00000| Untracked 
|  20|0x00000000c3000000, 0x00000000c3000000, 0x00000000c3100000|  0%| F|  |TAMS 0x00000000c3000000| PB 0x00000000c3000000| Untracked 
|  21|0x00000000c3100000, 0x00000000c3100000, 0x00000000c3200000|  0%| F|  |TAMS 0x00000000c3100000| PB 0x00000000c3100000| Untracked 
|  22|0x00000000c3200000, 0x00000000c3200000, 0x00000000c3300000|  0%| F|  |TAMS 0x00000000c3200000| PB 0x00000000c3200000| Untracked 
|  23|0x00000000c3300000, 0x00000000c3300000, 0x00000000c3400000|  0%| F|  |TAMS 0x00000000c3300000| PB 0x00000000c3300000| Untracked 
|  24|0x00000000c3400000, 0x00000000c3400000, 0x00000000c3500000|  0%| F|  |TAMS 0x00000000c3400000| PB 0x00000000c3400000| Untracked 
|  25|0x00000000c3500000, 0x00000000c3500000, 0x00000000c3600000|  0%| F|  |TAMS 0x00000000c3500000| PB 0x00000000c3500000| Untracked 
|  26|0x00000000c3600000, 0x00000000c3600000, 0x00000000c3700000|  0%| F|  |TAMS 0x00000000c3600000| PB 0x00000000c3600000| Untracked 
|  27|0x00000000c3700000, 0x00000000c3700000, 0x00000000c3800000|  0%| F|  |TAMS 0x00000000c3700000| PB 0x00000000c3700000| Untracked 
|  28|0x00000000c3800000, 0x00000000c3800000, 0x00000000c3900000|  0%| F|  |TAMS 0x00000000c3800000| PB 0x00000000c3800000| Untracked 
|  29|0x00000000c3900000, 0x00000000c3900000, 0x00000000c3a00000|  0%| F|  |TAMS 0x00000000c3900000| PB 0x00000000c3900000| Untracked 
|  30|0x00000000c3a00000, 0x00000000c3a00000, 0x00000000c3b00000|  0%| F|  |TAMS 0x00000000c3a00000| PB 0x00000000c3a00000| Untracked 
|  31|0x00000000c3b00000, 0x00000000c3b00000, 0x00000000c3c00000|  0%| F|  |TAMS 0x00000000c3b00000| PB 0x00000000c3b00000| Untracked 
|  32|0x00000000c3c00000, 0x00000000c3c00000, 0x00000000c3d00000|  0%| F|  |TAMS 0x00000000c3c00000| PB 0x00000000c3c00000| Untracked 
|  33|0x00000000c3d00000, 0x00000000c3d00000, 0x00000000c3e00000|  0%| F|  |TAMS 0x00000000c3d00000| PB 0x00000000c3d00000| Untracked 
|  34|0x00000000c3e00000, 0x00000000c3e00000, 0x00000000c3f00000|  0%| F|  |TAMS 0x00000000c3e00000| PB 0x00000000c3e00000| Untracked 
|  35|0x00000000c3f00000, 0x00000000c3f00000, 0x00000000c4000000|  0%| F|  |TAMS 0x00000000c3f00000| PB 0x00000000c3f00000| Untracked 
|  36|0x00000000c4000000, 0x00000000c4000000, 0x00000000c4100000|  0%| F|  |TAMS 0x00000000c4000000| PB 0x00000000c4000000| Untracked 
|  37|0x00000000c4100000, 0x00000000c4100000, 0x00000000c4200000|  0%| F|  |TAMS 0x00000000c4100000| PB 0x00000000c4100000| Untracked 
|  38|0x00000000c4200000, 0x00000000c4200000, 0x00000000c4300000|  0%| F|  |TAMS 0x00000000c4200000| PB 0x00000000c4200000| Untracked 
|  39|0x00000000c4300000, 0x00000000c4300000, 0x00000000c4400000|  0%| F|  |TAMS 0x00000000c4300000| PB 0x00000000c4300000| Untracked 
|  40|0x00000000c4400000, 0x00000000c4400000, 0x00000000c4500000|  0%| F|  |TAMS 0x00000000c4400000| PB 0x00000000c4400000| Untracked 
|  41|0x00000000c4500000, 0x00000000c4500000, 0x00000000c4600000|  0%| F|  |TAMS 0x00000000c4500000| PB 0x00000000c4500000| Untracked 
|  42|0x00000000c4600000, 0x00000000c4600000, 0x00000000c4700000|  0%| F|  |TAMS 0x00000000c4600000| PB 0x00000000c4600000| Untracked 
|  43|0x00000000c4700000, 0x00000000c4700000, 0x00000000c4800000|  0%| F|  |TAMS 0x00000000c4700000| PB 0x00000000c4700000| Untracked 
|  44|0x00000000c4800000, 0x00000000c4800000, 0x00000000c4900000|  0%| F|  |TAMS 0x00000000c4800000| PB 0x00000000c4800000| Untracked 
|  45|0x00000000c4900000, 0x00000000c4900000, 0x00000000c4a00000|  0%| F|  |TAMS 0x00000000c4900000| PB 0x00000000c4900000| Untracked 
|  46|0x00000000c4a00000, 0x00000000c4a00000, 0x00000000c4b00000|  0%| F|  |TAMS 0x00000000c4a00000| PB 0x00000000c4a00000| Untracked 
|  47|0x00000000c4b00000, 0x00000000c4b00000, 0x00000000c4c00000|  0%| F|  |TAMS 0x00000000c4b00000| PB 0x00000000c4b00000| Untracked 
|  48|0x00000000c4c00000, 0x00000000c4c00000, 0x00000000c4d00000|  0%| F|  |TAMS 0x00000000c4c00000| PB 0x00000000c4c00000| Untracked 
|  49|0x00000000c4d00000, 0x00000000c4e00000, 0x00000000c4e00000|100%| S|CS|TAMS 0x00000000c4d00000| PB 0x00000000c4d00000| Complete 
|  50|0x00000000c4e00000, 0x00000000c4f00000, 0x00000000c4f00000|100%| S|CS|TAMS 0x00000000c4e00000| PB 0x00000000c4e00000| Complete 
|  51|0x00000000c4f00000, 0x00000000c4f00000, 0x00000000c5000000|  0%| F|  |TAMS 0x00000000c4f00000| PB 0x00000000c4f00000| Untracked 
|  52|0x00000000c5000000, 0x00000000c5000000, 0x00000000c5100000|  0%| F|  |TAMS 0x00000000c5000000| PB 0x00000000c5000000| Untracked 
|  53|0x00000000c5100000, 0x00000000c5100000, 0x00000000c5200000|  0%| F|  |TAMS 0x00000000c5100000| PB 0x00000000c5100000| Untracked 
|  54|0x00000000c5200000, 0x00000000c5200000, 0x00000000c5300000|  0%| F|  |TAMS 0x00000000c5200000| PB 0x00000000c5200000| Untracked 
|  55|0x00000000c5300000, 0x00000000c5300000, 0x00000000c5400000|  0%| F|  |TAMS 0x00000000c5300000| PB 0x00000000c5300000| Untracked 
|  56|0x00000000c5400000, 0x00000000c5400000, 0x00000000c5500000|  0%| F|  |TAMS 0x00000000c5400000| PB 0x00000000c5400000| Untracked 
|  57|0x00000000c5500000, 0x00000000c5500000, 0x00000000c5600000|  0%| F|  |TAMS 0x00000000c5500000| PB 0x00000000c5500000| Untracked 
|  58|0x00000000c5600000, 0x00000000c5600000, 0x00000000c5700000|  0%| F|  |TAMS 0x00000000c5600000| PB 0x00000000c5600000| Untracked 
|  59|0x00000000c5700000, 0x00000000c5700000, 0x00000000c5800000|  0%| F|  |TAMS 0x00000000c5700000| PB 0x00000000c5700000| Untracked 
|  60|0x00000000c5800000, 0x00000000c583b2b0, 0x00000000c5900000| 23%| E|  |TAMS 0x00000000c5800000| PB 0x00000000c5800000| Complete 
|  61|0x00000000c5900000, 0x00000000c5a00000, 0x00000000c5a00000|100%| E|CS|TAMS 0x00000000c5900000| PB 0x00000000c5900000| Complete 
|  62|0x00000000c5a00000, 0x00000000c5b00000, 0x00000000c5b00000|100%| E|CS|TAMS 0x00000000c5a00000| PB 0x00000000c5a00000| Complete 
|  63|0x00000000c5b00000, 0x00000000c5c00000, 0x00000000c5c00000|100%| E|CS|TAMS 0x00000000c5b00000| PB 0x00000000c5b00000| Complete 

Card table byte_map: [0x00000207722c0000,0x00000207724c0000] _byte_map_base: 0x0000020771cb2000

Marking Bits: (CMBitMap*) 0x000002075acbbf70
 Bits: [0x00000207724c0000, 0x0000020773450000)

Polling page: 0x0000020758a60000

Metaspace:

Usage:
  Non-class:      4.08 MB used.
      Class:    500.98 KB used.
       Both:      4.57 MB used.

Virtual space:
  Non-class space:       64.00 MB reserved,       4.19 MB (  7%) committed,  1 nodes.
      Class space:        1.00 GB reserved,     576.00 KB ( <1%) committed,  1 nodes.
             Both:        1.06 GB reserved,       4.75 MB ( <1%) committed. 

Chunk freelists:
   Non-Class:  10.31 MB
       Class:  15.45 MB
        Both:  25.76 MB

MaxMetaspaceSize: unlimited
CompressedClassSpaceSize: 1.00 GB
Initial GC threshold: 21.00 MB
Current GC threshold: 21.00 MB
CDS: on
 - commit_granule_bytes: 65536.
 - commit_granule_words: 8192.
 - virtual_space_node_default_size: 8388608.
 - enlarge_chunks_in_place: 1.
 - use_allocation_guard: 0.


Internal statistics:

num_allocs_failed_limit: 0.
num_arena_births: 122.
num_arena_deaths: 0.
num_vsnodes_births: 2.
num_vsnodes_deaths: 0.
num_space_committed: 76.
num_space_uncommitted: 0.
num_chunks_returned_to_freelist: 0.
num_chunks_taken_from_freelist: 252.
num_chunk_merges: 0.
num_chunk_splits: 144.
num_chunks_enlarged: 73.
num_inconsistent_stats: 0.

CodeHeap 'non-profiled nmethods': size=120000Kb used=356Kb max_used=356Kb free=119643Kb
 bounds [0x000002076ab90000, 0x000002076ae00000, 0x00000207720c0000]
CodeHeap 'profiled nmethods': size=120000Kb used=1747Kb max_used=1747Kb free=118252Kb
 bounds [0x00000207630c0000, 0x0000020763330000, 0x000002076a5f0000]
CodeHeap 'non-nmethods': size=5760Kb used=1358Kb max_used=1382Kb free=4401Kb
 bounds [0x000002076a5f0000, 0x000002076a860000, 0x000002076ab90000]
 total_blobs=1444 nmethods=980 adapters=369
 compilation: enabled
              stopped_count=0, restarted_count=0
 full_count=0

Compilation events (20 events):
Event: 1.740 Thread 0x00000207758f4f30  970       3       jdk.internal.org.objectweb.asm.Type::<init> (26 bytes)
Event: 1.740 Thread 0x00000207758f4f30 nmethod 970 0x0000020763272190 code [0x0000020763272340, 0x0000020763272508]
Event: 1.742 Thread 0x00000207758f4f30  971       3       java.lang.invoke.DirectMethodHandle::preparedLambdaForm (31 bytes)
Event: 1.742 Thread 0x00000207758f0860 nmethod 962 0x000002076abe8490 code [0x000002076abe8620, 0x000002076abe8890]
Event: 1.743 Thread 0x00000207758f4f30 nmethod 971 0x0000020763272610 code [0x0000020763272800, 0x0000020763272cb8]
Event: 1.743 Thread 0x00000207758f4f30  972       3       java.lang.Integer::valueOf (32 bytes)
Event: 1.744 Thread 0x00000207758f4f30 nmethod 972 0x0000020763272e90 code [0x0000020763273060, 0x0000020763273370]
Event: 1.748 Thread 0x00000207758f0860  974       4       java.util.Objects::requireNonNull (15 bytes)
Event: 1.749 Thread 0x00000207758f0860 nmethod 974 0x000002076abe8c90 code [0x000002076abe8e20, 0x000002076abe8ea8]
Event: 1.750 Thread 0x00000207758f4f30  975       3       java.lang.CharacterDataLatin1::isWhitespace (23 bytes)
Event: 1.751 Thread 0x00000207758f4f30 nmethod 975 0x0000020763273490 code [0x0000020763273640, 0x0000020763273840]
Event: 1.751 Thread 0x00000207758f4f30  976       3       java.lang.Character::isWhitespace (5 bytes)
Event: 1.751 Thread 0x00000207758f4f30 nmethod 976 0x0000020763273990 code [0x0000020763273b60, 0x0000020763273db8]
Event: 1.751 Thread 0x00000207758f4f30  977       3       java.lang.Character::isWhitespace (9 bytes)
Event: 1.751 Thread 0x00000207758f4f30 nmethod 977 0x0000020763273e90 code [0x0000020763274040, 0x0000020763274238]
Event: 1.757 Thread 0x00000207758f0860  978       4       java.util.concurrent.locks.ReentrantLock$Sync::tryRelease (51 bytes)
Event: 1.760 Thread 0x00000207758f0860 nmethod 978 0x000002076abe8f90 code [0x000002076abe9120, 0x000002076abe9248]
Event: 1.762 Thread 0x00000207758f4f30  979       3       java.util.ImmutableCollections$ListN::size (6 bytes)
Event: 1.762 Thread 0x00000207758f4f30 nmethod 979 0x0000020763274310 code [0x00000207632744a0, 0x00000207632745b8]
Event: 1.763 Thread 0x00000207758f4f30  980       3       sun.invoke.util.Wrapper::forBasicType (103 bytes)

GC Heap History (2 events):
Event: 1.496 GC heap before
{Heap before GC invocations=0 (full 0):
 garbage-first heap   total 65536K, used 13312K [0x00000000c1c00000, 0x0000000100000000)
  region size 1024K, 13 young (13312K), 0 survivors (0K)
 Metaspace       used 3617K, committed 3776K, reserved 1114112K
  class space    used 348K, committed 448K, reserved 1048576K
}
Event: 1.509 GC heap after
{Heap after GC invocations=1 (full 0):
 garbage-first heap   total 65536K, used 6144K [0x00000000c1c00000, 0x0000000100000000)
  region size 1024K, 2 young (2048K), 2 survivors (2048K)
 Metaspace       used 3617K, committed 3776K, reserved 1114112K
  class space    used 348K, committed 448K, reserved 1048576K
}

Dll operation events (10 events):
Event: 0.031 Loaded shared library C:\Users\ADMIN\.jdks\openjdk-21.0.2\bin\java.dll
Event: 0.113 Loaded shared library C:\Users\ADMIN\.jdks\openjdk-21.0.2\bin\jsvml.dll
Event: 0.374 Loaded shared library C:\Users\ADMIN\.jdks\openjdk-21.0.2\bin\zip.dll
Event: 0.381 Loaded shared library C:\Users\ADMIN\.jdks\openjdk-21.0.2\bin\instrument.dll
Event: 0.393 Loaded shared library C:\Users\ADMIN\.jdks\openjdk-21.0.2\bin\net.dll
Event: 0.398 Loaded shared library C:\Users\ADMIN\.jdks\openjdk-21.0.2\bin\nio.dll
Event: 0.408 Loaded shared library C:\Users\ADMIN\.jdks\openjdk-21.0.2\bin\zip.dll
Event: 0.741 Loaded shared library C:\Users\ADMIN\.jdks\openjdk-21.0.2\bin\jimage.dll
Event: 0.868 Loaded shared library C:\Program Files\JetBrains\IntelliJ IDEA Community Edition 2023.3.4\bin\breakgen64.dll
Event: 0.894 Loaded shared library C:\Users\ADMIN\.jdks\openjdk-21.0.2\bin\extnet.dll

Deoptimization events (20 events):
Event: 1.091 Thread 0x0000020758b002c0 Uncommon trap: trap_request=0xffffff6e fr.pc=0x000002076abbeb7c relative=0x000000000000015c
Event: 1.091 Thread 0x0000020758b002c0 Uncommon trap: reason=loop_limit_check action=maybe_recompile pc=0x000002076abbeb7c method=java.lang.StringLatin1.lastIndexOf([BII)I @ 19 c2
Event: 1.091 Thread 0x0000020758b002c0 DEOPT PACKING pc=0x000002076abbeb7c sp=0x000000deea2fc980
Event: 1.091 Thread 0x0000020758b002c0 DEOPT UNPACKING pc=0x000002076a6446a2 sp=0x000000deea2fc900 mode 2
Event: 1.291 Thread 0x0000020758b002c0 Uncommon trap: trap_request=0xffffff45 fr.pc=0x000002076abba414 relative=0x00000000000000f4
Event: 1.291 Thread 0x0000020758b002c0 Uncommon trap: reason=unstable_if action=reinterpret pc=0x000002076abba414 method=java.util.HashMap.hash(Ljava/lang/Object;)I @ 1 c2
Event: 1.291 Thread 0x0000020758b002c0 DEOPT PACKING pc=0x000002076abba414 sp=0x000000deea2fd070
Event: 1.291 Thread 0x0000020758b002c0 DEOPT UNPACKING pc=0x000002076a6446a2 sp=0x000000deea2fcfb0 mode 2
Event: 1.304 Thread 0x0000020758b002c0 DEOPT PACKING pc=0x000002076316d977 sp=0x000000deea2fb6b0
Event: 1.304 Thread 0x0000020758b002c0 DEOPT UNPACKING pc=0x000002076a644e42 sp=0x000000deea2fab00 mode 0
Event: 1.367 Thread 0x0000020758b002c0 DEOPT PACKING pc=0x0000020763107dc9 sp=0x000000deea2fddb0
Event: 1.367 Thread 0x0000020758b002c0 DEOPT UNPACKING pc=0x000002076a644e42 sp=0x000000deea2fd250 mode 0
Event: 1.386 Thread 0x0000020758b002c0 DEOPT PACKING pc=0x00000207631ad99a sp=0x000000deea2fd290
Event: 1.386 Thread 0x0000020758b002c0 DEOPT UNPACKING pc=0x000002076a644e42 sp=0x000000deea2fc728 mode 0
Event: 1.395 Thread 0x0000020758b002c0 DEOPT PACKING pc=0x0000020763181d00 sp=0x000000deea2fdad0
Event: 1.396 Thread 0x0000020758b002c0 DEOPT UNPACKING pc=0x000002076a644e42 sp=0x000000deea2fd080 mode 0
Event: 1.509 Thread 0x00000207758cb920 Uncommon trap: trap_request=0xffffff45 fr.pc=0x000002076abc2560 relative=0x0000000000000040
Event: 1.509 Thread 0x00000207758cb920 Uncommon trap: reason=unstable_if action=reinterpret pc=0x000002076abc2560 method=java.util.concurrent.locks.AbstractQueuedSynchronizer.signalNext(Ljava/util/concurrent/locks/AbstractQueuedSynchronizer$Node;)V @ 1 c2
Event: 1.509 Thread 0x00000207758cb920 DEOPT PACKING pc=0x000002076abc2560 sp=0x000000deeaaff460
Event: 1.509 Thread 0x00000207758cb920 DEOPT UNPACKING pc=0x000002076a6446a2 sp=0x000000deeaaff3f0 mode 2

Classes loaded (20 events):
Event: 1.698 Loading class java/util/concurrent/CountDownLatch
Event: 1.698 Loading class java/util/concurrent/CountDownLatch done
Event: 1.698 Loading class java/util/concurrent/CountDownLatch$Sync
Event: 1.698 Loading class java/util/concurrent/CountDownLatch$Sync done
Event: 1.700 Loading class java/lang/StackWalker$Option
Event: 1.700 Loading class java/lang/StackWalker$Option done
Event: 1.702 Loading class java/lang/StackStreamFactory
Event: 1.703 Loading class java/lang/StackStreamFactory done
Event: 1.703 Loading class java/lang/StackWalker$ExtendedOption
Event: 1.703 Loading class java/lang/StackWalker$ExtendedOption done
Event: 1.703 Loading class java/lang/StackStreamFactory$StackFrameTraverser
Event: 1.703 Loading class java/lang/StackStreamFactory$StackFrameTraverser done
Event: 1.704 Loading class java/lang/StackStreamFactory$WalkerState
Event: 1.704 Loading class java/lang/StackStreamFactory$WalkerState done
Event: 1.704 Loading class java/lang/StackStreamFactory$StackFrameTraverser$StackFrameBuffer
Event: 1.704 Loading class java/lang/StackStreamFactory$FrameBuffer
Event: 1.704 Loading class java/lang/StackStreamFactory$FrameBuffer done
Event: 1.704 Loading class java/lang/StackStreamFactory$StackFrameTraverser$StackFrameBuffer done
Event: 1.718 Loading class java/util/concurrent/RejectedExecutionException
Event: 1.719 Loading class java/util/concurrent/RejectedExecutionException done

Classes unloaded (0 events):
No events

Classes redefined (0 events):
No events

Internal exceptions (15 events):
Event: 0.776 Thread 0x0000020758b002c0 Exception <a 'java/lang/NoSuchMethodError'{0x00000000c55ce0e8}: 'void java.lang.invoke.DirectMethodHandle$Holder.invokeStatic(java.lang.Object, java.lang.Object, java.lang.Object)'> (0x00000000c55ce0e8) 
thrown [s\open\src\hotspot\share\interpreter\linkResolver.cpp, line 773]
Event: 0.839 Thread 0x00000207758d5800 Exception <a 'java/lang/NoSuchMethodError'{0x00000000c54a67e0}: 'java.lang.Object java.lang.invoke.Invokers$Holder.invokeExact_MT(java.lang.Object, java.lang.Object, java.lang.Object, java.lang.Object, java.lang.Object, java.lang.Object)'> (0x00000000c54a67e0) 
thrown [s\open\src\hotspot\share\interpreter\linkResolver.cpp, line 773]
Event: 0.852 Thread 0x0000020758b002c0 Exception <a 'java/lang/NoSuchMethodError'{0x00000000c544c750}: 'java.lang.Object java.lang.invoke.Invokers$Holder.invokeExact_MT(java.lang.Object, java.lang.Object, java.lang.Object, java.lang.Object, java.lang.Object)'> (0x00000000c544c750) 
thrown [s\open\src\hotspot\share\interpreter\linkResolver.cpp, line 773]
Event: 0.898 Thread 0x000002077a18cde0 Exception <a 'java/lang/NoSuchMethodError'{0x00000000c5308100}: 'void java.lang.invoke.DirectMethodHandle$Holder.invokeStatic(java.lang.Object, java.lang.Object)'> (0x00000000c5308100) 
thrown [s\open\src\hotspot\share\interpreter\linkResolver.cpp, line 773]
Event: 1.099 Thread 0x0000020758b002c0 Exception <a 'java/lang/ClassNotFoundException'{0x00000000c52e7660}: javax/smartcardio/CardPermission> (0x00000000c52e7660) 
thrown [s\open\src\hotspot\share\classfile\systemDictionary.cpp, line 312]
Event: 1.109 Thread 0x0000020758b002c0 Exception <a 'java/io/FileNotFoundException'{0x00000000c52f60e8}> (0x00000000c52f60e8) 
thrown [s\open\src\hotspot\share\prims\jni.cpp, line 520]
Event: 1.198 Thread 0x0000020758b002c0 Exception <a 'java/lang/NoSuchMethodError'{0x00000000c5180610}: 'java.lang.Object java.lang.invoke.DirectMethodHandle$Holder.invokeSpecial(java.lang.Object, java.lang.Object, java.lang.Object, long, java.lang.Object)'> (0x00000000c5180610) 
thrown [s\open\src\hotspot\share\interpreter\linkResolver.cpp, line 773]
Event: 1.199 Thread 0x0000020758b002c0 Exception <a 'java/lang/NoSuchMethodError'{0x00000000c5183f60}: 'java.lang.Object java.lang.invoke.Invokers$Holder.linkToTargetMethod(java.lang.Object, long, java.lang.Object, java.lang.Object)'> (0x00000000c5183f60) 
thrown [s\open\src\hotspot\share\interpreter\linkResolver.cpp, line 773]
Event: 1.291 Thread 0x0000020758b002c0 Implicit null exception at 0x000002076abba366 to 0x000002076abba40a
Event: 1.411 Thread 0x0000020758b002c0 Exception <a 'java/lang/NoSuchMethodError'{0x00000000c4f0c3a0}: 'void java.lang.invoke.DirectMethodHandle$Holder.invokeStatic(java.lang.Object, java.lang.Object, java.lang.Object, java.lang.Object)'> (0x00000000c4f0c3a0) 
thrown [s\open\src\hotspot\share\interpreter\linkResolver.cpp, line 773]
Event: 1.518 Thread 0x0000020758b002c0 Exception <a 'java/lang/NoSuchMethodError'{0x00000000c5b1be10}: 'int java.lang.invoke.DirectMethodHandle$Holder.invokeStaticInit(java.lang.Object, java.lang.Object)'> (0x00000000c5b1be10) 
thrown [s\open\src\hotspot\share\interpreter\linkResolver.cpp, line 773]
Event: 1.542 Thread 0x0000020758b002c0 Exception <a 'java/lang/NoSuchMethodError'{0x00000000c5b91828}: 'void java.lang.invoke.DirectMethodHandle$Holder.invokeInterface(java.lang.Object, java.lang.Object, java.lang.Object, java.lang.Object)'> (0x00000000c5b91828) 
thrown [s\open\src\hotspot\share\interpreter\linkResolver.cpp, line 773]
Event: 1.707 Thread 0x0000020758b002c0 Exception <a 'java/lang/NoSuchMethodError'{0x00000000c5962e50}: 'java.lang.Object java.lang.invoke.DirectMethodHandle$Holder.invokeInterface(java.lang.Object, java.lang.Object)'> (0x00000000c5962e50) 
thrown [s\open\src\hotspot\share\interpreter\linkResolver.cpp, line 773]
Event: 1.725 Thread 0x0000020758b002c0 Exception <a 'java/lang/NoSuchMethodError'{0x00000000c59a6c90}: 'java.lang.Object java.lang.invoke.DirectMethodHandle$Holder.invokeSpecialIFC(java.lang.Object, java.lang.Object, java.lang.Object, java.lang.Object)'> (0x00000000c59a6c90) 
thrown [s\open\src\hotspot\share\interpreter\linkResolver.cpp, line 773]
Event: 1.733 Thread 0x0000020758b002c0 Exception <a 'java/lang/NoSuchMethodError'{0x00000000c59c0b10}: 'java.lang.Object java.lang.invoke.DirectMethodHandle$Holder.invokeInterface(java.lang.Object, java.lang.Object, java.lang.Object)'> (0x00000000c59c0b10) 
thrown [s\open\src\hotspot\share\interpreter\linkResolver.cpp, line 773]

ZGC Phase Switch (0 events):
No events

VM Operations (14 events):
Event: 0.327 Executing VM operation: HandshakeAllThreads (Deoptimize)
Event: 0.327 Executing VM operation: HandshakeAllThreads (Deoptimize) done
Event: 0.687 Executing VM operation: HandshakeAllThreads (Deoptimize)
Event: 0.687 Executing VM operation: HandshakeAllThreads (Deoptimize) done
Event: 0.770 Executing VM operation: HandshakeAllThreads (Deoptimize)
Event: 0.786 Executing VM operation: HandshakeAllThreads (Deoptimize) done
Event: 0.992 Executing VM operation: HandshakeAllThreads (Deoptimize)
Event: 0.992 Executing VM operation: HandshakeAllThreads (Deoptimize) done
Event: 1.495 Executing VM operation: G1CollectForAllocation (G1 Evacuation Pause)
Event: 1.509 Executing VM operation: G1CollectForAllocation (G1 Evacuation Pause) done
Event: 1.699 Executing VM operation: HandshakeAllThreads (Deoptimize)
Event: 1.699 Executing VM operation: HandshakeAllThreads (Deoptimize) done
Event: 1.699 Executing VM operation: HandshakeAllThreads (Deoptimize)
Event: 1.699 Executing VM operation: HandshakeAllThreads (Deoptimize) done

Events (14 events):
Event: 0.073 Thread 0x0000020758b002c0 Thread added: 0x0000020758b002c0
Event: 0.108 Thread 0x00000207758cb920 Thread added: 0x00000207758cb920
Event: 0.109 Thread 0x00000207758cc840 Thread added: 0x00000207758cc840
Event: 0.109 Thread 0x00000207758d2d90 Thread added: 0x00000207758d2d90
Event: 0.109 Thread 0x00000207758d5800 Thread added: 0x00000207758d5800
Event: 0.110 Thread 0x00000207758e2280 Thread added: 0x00000207758e2280
Event: 0.110 Thread 0x00000207758e4cf0 Thread added: 0x00000207758e4cf0
Event: 0.110 Thread 0x00000207758f0860 Thread added: 0x00000207758f0860
Event: 0.110 Thread 0x00000207758f4f30 Thread added: 0x00000207758f4f30
Event: 0.308 Thread 0x00000207758a03a0 Thread added: 0x00000207758a03a0
Event: 0.469 Thread 0x0000020775cc3350 Thread added: 0x0000020775cc3350
Event: 0.870 Thread 0x000002077a18cde0 Thread added: 0x000002077a18cde0
Event: 0.870 Thread 0x000002077a18d450 Thread added: 0x000002077a18d450
Event: 1.666 Thread 0x0000020775cc3350 Thread exited: 0x0000020775cc3350


Dynamic libraries:
0x00007ff61e080000 - 0x00007ff61e08e000 	C:\Users\ADMIN\.jdks\openjdk-21.0.2\bin\java.exe
0x00007ffac05f0000 - 0x00007ffac07e8000 	C:\WINDOWS\SYSTEM32\ntdll.dll
0x00007ffabec00000 - 0x00007ffabecc1000 	C:\WINDOWS\System32\KERNEL32.DLL
0x00007ffabdf00000 - 0x00007ffabe1f6000 	C:\WINDOWS\System32\KERNELBASE.dll
0x00007ffabe3c0000 - 0x00007ffabe4c0000 	C:\WINDOWS\System32\ucrtbase.dll
0x00007ffab93a0000 - 0x00007ffab93b8000 	C:\Users\ADMIN\.jdks\openjdk-21.0.2\bin\jli.dll
0x00007ffab8f60000 - 0x00007ffab8f7b000 	C:\Users\ADMIN\.jdks\openjdk-21.0.2\bin\VCRUNTIME140.dll
0x00007ffac0220000 - 0x00007ffac03bf000 	C:\WINDOWS\System32\USER32.dll
0x00007ffabe5f0000 - 0x00007ffabe612000 	C:\WINDOWS\System32\win32u.dll
0x00007ffabf700000 - 0x00007ffabf72b000 	C:\WINDOWS\System32\GDI32.dll
0x00007ffabe200000 - 0x00007ffabe317000 	C:\WINDOWS\System32\gdi32full.dll
0x00007ffabe320000 - 0x00007ffabe3bd000 	C:\WINDOWS\System32\msvcp_win.dll
0x00007ffaafc80000 - 0x00007ffaaff1a000 	C:\WINDOWS\WinSxS\amd64_microsoft.windows.common-controls_6595b64144ccf1df_6.0.19041.4355_none_60b8b9eb71f62e16\COMCTL32.dll
0x00007ffabe760000 - 0x00007ffabe7fe000 	C:\WINDOWS\System32\msvcrt.dll
0x00007ffac0580000 - 0x00007ffac05af000 	C:\WINDOWS\System32\IMM32.DLL
0x0000000064020000 - 0x000000006402c000 	C:\Program Files (x86)\360\Total Security\safemon\SafeWrapper.dll
0x00007ffac0090000 - 0x00007ffac0140000 	C:\WINDOWS\System32\ADVAPI32.dll
0x00007ffabfba0000 - 0x00007ffabfc40000 	C:\WINDOWS\System32\sechost.dll
0x00007ffabe620000 - 0x00007ffabe743000 	C:\WINDOWS\System32\RPCRT4.dll
0x00007ffabe570000 - 0x00007ffabe597000 	C:\WINDOWS\System32\bcrypt.dll
0x00007ffa95d50000 - 0x00007ffa95de2000 	C:\Program Files (x86)\360\Total Security\safemon\libzdtp64.dll
0x00007ffabef30000 - 0x00007ffabf69c000 	C:\WINDOWS\System32\SHELL32.dll
0x00007ffabecd0000 - 0x00007ffabed25000 	C:\WINDOWS\System32\SHLWAPI.dll
0x00007ffabd9c0000 - 0x00007ffabd9ca000 	C:\WINDOWS\SYSTEM32\VERSION.dll
0x00007ffabafe0000 - 0x00007ffabafec000 	C:\Users\ADMIN\.jdks\openjdk-21.0.2\bin\vcruntime140_1.dll
0x00007ffaad030000 - 0x00007ffaad0be000 	C:\Users\ADMIN\.jdks\openjdk-21.0.2\bin\msvcp140.dll
0x00007ffa822a0000 - 0x00007ffa82fb7000 	C:\Users\ADMIN\.jdks\openjdk-21.0.2\bin\server\jvm.dll
0x00007ffabfe70000 - 0x00007ffabfedb000 	C:\WINDOWS\System32\WS2_32.dll
0x00007ffabd1b0000 - 0x00007ffabd1fb000 	C:\WINDOWS\SYSTEM32\POWRPROF.dll
0x00007ffaafac0000 - 0x00007ffaafae7000 	C:\WINDOWS\SYSTEM32\WINMM.dll
0x00007ffabd020000 - 0x00007ffabd032000 	C:\WINDOWS\SYSTEM32\UMPDC.dll
0x00007ffabbab0000 - 0x00007ffabbac2000 	C:\WINDOWS\SYSTEM32\kernel.appcore.dll
0x00007ffabafa0000 - 0x00007ffabafaa000 	C:\Users\ADMIN\.jdks\openjdk-21.0.2\bin\jimage.dll
0x00007ffab5390000 - 0x00007ffab5574000 	C:\WINDOWS\SYSTEM32\DBGHELP.DLL
0x00007ffab5350000 - 0x00007ffab5384000 	C:\WINDOWS\SYSTEM32\dbgcore.DLL
0x00007ffabdd10000 - 0x00007ffabdd92000 	C:\WINDOWS\System32\bcryptPrimitives.dll
0x00007ffab7bd0000 - 0x00007ffab7bdf000 	C:\Users\ADMIN\.jdks\openjdk-21.0.2\bin\instrument.dll
0x00007ffab7b90000 - 0x00007ffab7baf000 	C:\Users\ADMIN\.jdks\openjdk-21.0.2\bin\java.dll
0x00007ffabbcb0000 - 0x00007ffabc44e000 	C:\WINDOWS\SYSTEM32\windows.storage.dll
0x00007ffabe800000 - 0x00007ffabeb53000 	C:\WINDOWS\System32\combase.dll
0x00007ffabd650000 - 0x00007ffabd67e000 	C:\WINDOWS\SYSTEM32\Wldp.dll
0x00007ffabffc0000 - 0x00007ffac008d000 	C:\WINDOWS\System32\OLEAUT32.dll
0x00007ffabfd60000 - 0x00007ffabfe0d000 	C:\WINDOWS\System32\SHCORE.dll
0x00007ffabdbd0000 - 0x00007ffabdbf4000 	C:\WINDOWS\SYSTEM32\profapi.dll
0x00007ffaa9620000 - 0x00007ffaa96f7000 	C:\Users\ADMIN\.jdks\openjdk-21.0.2\bin\jsvml.dll
0x00007ffaacff0000 - 0x00007ffaad008000 	C:\Users\ADMIN\.jdks\openjdk-21.0.2\bin\zip.dll
0x00007ffab4e80000 - 0x00007ffab4e90000 	C:\Users\ADMIN\.jdks\openjdk-21.0.2\bin\net.dll
0x00007ffab97f0000 - 0x00007ffab98fa000 	C:\WINDOWS\SYSTEM32\WINHTTP.dll
0x00007ffabd3b0000 - 0x00007ffabd41a000 	C:\WINDOWS\system32\mswsock.dll
0x00007ffab4bb0000 - 0x00007ffab4bc6000 	C:\Users\ADMIN\.jdks\openjdk-21.0.2\bin\nio.dll
0x00007ffaacf90000 - 0x00007ffaacfaa000 	C:\Program Files\JetBrains\IntelliJ IDEA Community Edition 2023.3.4\bin\breakgen64.dll
0x00007ffab4e70000 - 0x00007ffab4e79000 	C:\Users\ADMIN\.jdks\openjdk-21.0.2\bin\extnet.dll

dbghelp: loaded successfully - version: 4.0.5 - missing functions: none
symbol engine: initialized successfully - sym options: 0x614 - pdb path: .;C:\Users\ADMIN\.jdks\openjdk-21.0.2\bin;C:\WINDOWS\SYSTEM32;C:\WINDOWS\WinSxS\amd64_microsoft.windows.common-controls_6595b64144ccf1df_6.0.19041.4355_none_60b8b9eb71f62e16;C:\Program Files (x86)\360\Total Security\safemon;C:\Users\ADMIN\.jdks\openjdk-21.0.2\bin\server;C:\Program Files\JetBrains\IntelliJ IDEA Community Edition 2023.3.4\bin

VM Arguments:
jvm_args: -javaagent:C:\Program Files\JetBrains\IntelliJ IDEA Community Edition 2023.3.4\lib\idea_rt.jar=50606:C:\Program Files\JetBrains\IntelliJ IDEA Community Edition 2023.3.4\bin -Dfile.encoding=UTF-8 -Dsun.stdout.encoding=UTF-8 -Dsun.stderr.encoding=UTF-8 
java_command: com.gestion_clientes_backend.GestionClientesBackendApplication
java_class_path (initial): C:\proyectos de intellji\gestion-clientes-backend\target\classes;C:\Users\ADMIN\.m2\repository\org\springframework\boot\spring-boot-starter-data-jpa\3.3.3\spring-boot-starter-data-jpa-3.3.3.jar;C:\Users\ADMIN\.m2\repository\org\springframework\boot\spring-boot-starter-aop\3.3.3\spring-boot-starter-aop-3.3.3.jar;C:\Users\ADMIN\.m2\repository\org\springframework\spring-aop\6.1.12\spring-aop-6.1.12.jar;C:\Users\ADMIN\.m2\repository\org\aspectj\aspectjweaver\1.9.22.1\aspectjweaver-1.9.22.1.jar;C:\Users\ADMIN\.m2\repository\org\springframework\boot\spring-boot-starter-jdbc\3.3.3\spring-boot-starter-jdbc-3.3.3.jar;C:\Users\ADMIN\.m2\repository\com\zaxxer\HikariCP\5.1.0\HikariCP-5.1.0.jar;C:\Users\ADMIN\.m2\repository\org\springframework\spring-jdbc\6.1.12\spring-jdbc-6.1.12.jar;C:\Users\ADMIN\.m2\repository\org\hibernate\orm\hibernate-core\6.5.2.Final\hibernate-core-6.5.2.Final.jar;C:\Users\ADMIN\.m2\repository\jakarta\persistence\jakarta.persistence-api\3.1.0\jakarta.persistence-api-3.1.0.jar;C:\Users\ADMIN\.m2\repository\jakarta\transaction\jakarta.transaction-api\2.0.1\jakarta.transaction-api-2.0.1.jar;C:\Users\ADMIN\.m2\repository\org\jboss\logging\jboss-logging\3.5.3.Final\jboss-logging-3.5.3.Final.jar;C:\Users\ADMIN\.m2\repository\org\hibernate\common\hibernate-commons-annotations\6.0.6.Final\hibernate-commons-annotations-6.0.6.Final.jar;C:\Users\ADMIN\.m2\repository\io\smallrye\jandex\3.1.2\jandex-3.1.2.jar;C:\Users\ADMIN\.m2\repository\com\fasterxml\classmate\1.7.0\classmate-1.7.0.jar;C:\Users\ADMIN\.m2\repository\net\bytebuddy\byte-buddy\1.14.19\byte-buddy-1.14.19.jar;C:\Users\ADMIN\.m2\repository\org\glassfish\jaxb\jaxb-runtime\4.0.5\jaxb-runtime-4.0.5.jar;C:\Users\ADMIN\.m2\repository\org\glassfish\jaxb\jaxb-core\4.0.5\jaxb-core-4.0.5.jar;C:\Users\ADMIN\.m2\repository\org\eclipse\angus\angus-activation\2.0.2\angus-activation-2.0.2.jar;C:\Users\ADMIN\.m2\repository\org\glassfish\jaxb\txw2\4.0.5\txw2-4.0.5.jar;C:\Users\ADMIN\.m2\repository\com\sun\istack\istack-commons-runtime\4.1.2\istack-commons-runtime-4.1.2.jar;C:\Users\ADMIN\.m2\repository\jakarta\inject\jakarta.inject-api\2.0.1\jakarta.inject-api-2.0.1.jar;C:\Users\ADMIN\.m2\repository\org\antlr\antlr4-runtime\4.13.0\antlr4-runtime-4.13.0.jar;C:\Users\ADMIN\.m2\repository\org\springframework\data\spring-data-jpa\3.3.3\spring-data-jpa-3.3.3.jar;C:\Users\ADMIN\.m2\repository\org\springframework\data\spring-data-commons\3.3.3\spring-data-commons-3.3.3.jar;C:\Users\ADMIN\.m2\repository\org\springframework\spring-orm\6.1.12\spring-orm-6.1.12.jar;C:\Users\ADMIN\.m2\repository\org\springframework\spring-context\6.1.12\spring-context-6.1.12.jar;C:\Users\ADMIN\.m2\repository\org\springframework\spring-tx\6.1.12\spring-tx-6.1.12.jar;C:\Users\ADMIN\.m2\repository\org\springframework\spring-beans\6.1.12\spring-beans-6.1.12.jar;C:\Users\ADMIN\.m2\repository\jakarta\annotation\jakarta.annotation-api\2.1.1\jakarta.annotation-api-2.1.1.jar;C:\Users\ADMIN\.m2\repository\org\slf4j\slf4j-api\2.0.16\slf4j-api-2.0.16.jar;C:\Users\ADMIN\.m2\repository\org\springframework\spring-aspects\6.1.12\spring-aspects-6.1.12.jar;C:\Users\ADMIN\.m2\repository\org\springframework\boot\spring-boot-starter-web\3.3.3\spring-boot-starter-web-3.3.3.jar;C:\Users\ADMIN\.m2\repository\org\springframework\boot\spring-boot-starter\3.3.3\spring-boot-starter-3.3.3.jar;C:\Users\ADMIN\.m2\repository\org\springframework\boot\spring-boot\3.3.3\spring-boot-3.3.3.jar;C:\Users\ADMIN\.m2\repository\org\springframework\boot\spring-boot-autoconfigure\3.3.3\spring-boot-autoconfigure-3.3.3.jar;C:\Users\ADMIN\.m2\repository\org\springframework\boot\spring-boot-starter-logging\3.3.3\spring-boot-starter-logging-3.3.3.jar;C:\Users\ADMIN\.m2\repository\ch\qos\logback\logback-classic\1.5.7\logback-classic-1.5.7.jar;C:\Users\ADMIN\.m2\repository\ch\qos\logback\logback-core\1.5.7\logback-core-1.5.7.jar;C:\Users\ADMIN\.m2\repository\org\apache\logging\log4j\log4j-to-slf4j\2.23.1\log4j-to-slf4j-2.23.1.jar;C:\Users\ADMIN\.m2\repository\org\apache\logging\log4j\log4j-api\2.23.1\log4j-api-2.23.1.jar;C:\Users\ADMIN\.m2\repository\org\slf4j\jul-to-slf4j\2.0.16\jul-to-slf4j-2.0.16.jar;C:\Users\ADMIN\.m2\repository\org\yaml\snakeyaml\2.2\snakeyaml-2.2.jar;C:\Users\ADMIN\.m2\repository\org\springframework\boot\spring-boot-starter-json\3.3.3\spring-boot-starter-json-3.3.3.jar;C:\Users\ADMIN\.m2\repository\com\fasterxml\jackson\core\jackson-databind\2.17.2\jackson-databind-2.17.2.jar;C:\Users\ADMIN\.m2\repository\com\fasterxml\jackson\core\jackson-annotations\2.17.2\jackson-annotations-2.17.2.jar;C:\Users\ADMIN\.m2\repository\com\fasterxml\jackson\core\jackson-core\2.17.2\jackson-core-2.17.2.jar;C:\Users\ADMIN\.m2\repository\com\fasterxml\jackson\datatype\jackson-datatype-jdk8\2.17.2\jackson-datatype-jdk8-2.17.2.jar;C:\Users\ADMIN\.m2\repository\com\fasterxml\jackson\datatype\jackson-datatype-jsr310\2.17.2\jackson-datatype-jsr310-2.17.2.jar;C:\Users\ADMIN\.m2\repository\com\fasterxml\jackson\module\jackson-module-parameter-names\2.17.2\jackson-module-parameter-names-2.17.2.jar;C:\Users\ADMIN\.m2\repository\org\springframework\boot\spring-boot-starter-tomcat\3.3.3\spring-boot-starter-tomcat-3.3.3.jar;C:\Users\ADMIN\.m2\repository\org\apache\tomcat\embed\tomcat-embed-core\10.1.28\tomcat-embed-core-10.1.28.jar;C:\Users\ADMIN\.m2\repository\org\apache\tomcat\embed\tomcat-embed-el\10.1.28\tomcat-embed-el-10.1.28.jar;C:\Users\ADMIN\.m2\repository\org\apache\tomcat\embed\tomcat-embed-websocket\10.1.28\tomcat-embed-websocket-10.1.28.jar;C:\Users\ADMIN\.m2\repository\org\springframework\spring-web\6.1.12\spring-web-6.1.12.jar;C:\Users\ADMIN\.m2\repository\io\micrometer\micrometer-observation\1.13.3\micrometer-observation-1.13.3.jar;C:\Users\ADMIN\.m2\repository\io\micrometer\micrometer-commons\1.13.3\micrometer-commons-1.13.3.jar;C:\Users\ADMIN\.m2\repository\org\springframework\spring-webmvc\6.1.12\spring-webmvc-6.1.12.jar;C:\Users\ADMIN\.m2\repository\org\springframework\spring-expression\6.1.12\spring-expression-6.1.12.jar;C:\Users\ADMIN\.m2\repository\com\mysql\mysql-connector-j\8.3.0\mysql-connector-j-8.3.0.jar;C:\Users\ADMIN\.m2\repository\org\projectlombok\lombok\1.18.34\lombok-1.18.34.jar;C:\Users\ADMIN\.m2\repository\jakarta\xml\bind\jakarta.xml.bind-api\4.0.2\jakarta.xml.bind-api-4.0.2.jar;C:\Users\ADMIN\.m2\repository\jakarta\activation\jakarta.activation-api\2.1.3\jakarta.activation-api-2.1.3.jar;C:\Users\ADMIN\.m2\repository\org\springframework\spring-core\6.1.12\spring-core-6.1.12.jar;C:\Users\ADMIN\.m2\repository\org\springframework\spring-jcl\6.1.12\spring-jcl-6.1.12.jar
Launcher Type: SUN_STANDARD

[Global flags]
     intx CICompilerCount                          = 3                                         {product} {ergonomic}
     uint ConcGCThreads                            = 1                                         {product} {ergonomic}
     uint G1ConcRefinementThreads                  = 4                                         {product} {ergonomic}
   size_t G1HeapRegionSize                         = 1048576                                   {product} {ergonomic}
    uintx GCDrainStackTargetSize                   = 64                                        {product} {ergonomic}
   size_t InitialHeapSize                          = 67108864                                  {product} {ergonomic}
   size_t MarkStackSize                            = 4194304                                   {product} {ergonomic}
   size_t MaxHeapSize                              = 1044381696                                {product} {ergonomic}
   size_t MaxNewSize                               = 625999872                                 {product} {ergonomic}
   size_t MinHeapDeltaBytes                        = 1048576                                   {product} {ergonomic}
   size_t MinHeapSize                              = 8388608                                   {product} {ergonomic}
    uintx NonNMethodCodeHeapSize                   = 5832780                                {pd product} {ergonomic}
    uintx NonProfiledCodeHeapSize                  = 122912730                              {pd product} {ergonomic}
    uintx ProfiledCodeHeapSize                     = 122912730                              {pd product} {ergonomic}
    uintx ReservedCodeCacheSize                    = 251658240                              {pd product} {ergonomic}
     bool SegmentedCodeCache                       = true                                      {product} {ergonomic}
   size_t SoftMaxHeapSize                          = 1044381696                             {manageable} {ergonomic}
     bool UseCompressedOops                        = true                           {product lp64_product} {ergonomic}
     bool UseG1GC                                  = true                                      {product} {ergonomic}
     bool UseLargePagesIndividualAllocation        = false                                  {pd product} {ergonomic}

Logging:
Log output configuration:
 #0: stdout all=warning uptime,level,tags foldmultilines=false
 #1: stderr all=off uptime,level,tags foldmultilines=false

Environment Variables:
PATH=C:\Program Files\Common Files\Oracle\Java\javapath;C:\Program Files (x86)\Common Files\Oracle\Java\java8path;C:\Program Files (x86)\Common Files\Oracle\Java\javapath;C:\Program Files (x86)\Common Files\Intel\Shared Files\cpp\bin\Intel64;C:\WINDOWS\system32;C:\WINDOWS;C:\WINDOWS\System32\Wbem;C:\WINDOWS\System32\WindowsPowerShell\v1.0\;C:\WINDOWS\System32\OpenSSH\;C:\Users\ADMIN\Desktop\apache-maven-3.9.6\\bin;C:\Program Files\Java\jdk-21\bin;C:\Program Files\MySQL\MySQL Server 8.4\bin;C:\Program Files\Git\cmd;C:\Program Files\Git\mingw64\bin;C:\Program Files\Git\usr\bin;C:\Program Files\nodejs\;C:\Users\ADMIN\AppData\Local\Microsoft\WindowsApps;C:\Users\ADMIN\AppData\Local\Programs\Microsoft VS Code\bin;C:\Users\ADMIN\AppData\Roaming\npm
USERNAME=ADMIN
OS=Windows_NT
PROCESSOR_IDENTIFIER=Intel64 Family 6 Model 58 Stepping 9, GenuineIntel
TMP=C:\Users\ADMIN\AppData\Local\Temp
TEMP=C:\Users\ADMIN\AppData\Local\Temp




Periodic native trim disabled

---------------  S Y S T E M  ---------------

OS:
 Windows 10 , 64 bit Build 19041 (10.0.19041.4597)
OS uptime: 19 days 5:10 hours

CPU: total 4 (initial active 4) (2 cores per cpu, 2 threads per core) family 6 model 58 stepping 9 microcode 0x21, cx8, cmov, fxsr, ht, mmx, sse, sse2, sse3, ssse3, sse4.1, sse4.2, popcnt, tsc, tscinvbit, avx, erms, clmul, vzeroupper, clflush, rdtscp, f16c
Processor Information for all 4 processors :
  Max Mhz: 1701, Current Mhz: 1701, Mhz Limit: 1701

Memory: 4k page, system-wide physical 3981M (920M free)
TotalPageFile size 8077M (AvailPageFile size 124M)
current process WorkingSet (physical memory assigned to process): 72M, peak: 72M
current process commit charge ("private bytes"): 150M, peak: 151M

vm_info: OpenJDK 64-Bit Server VM (21.0.2+13-58) for windows-amd64 JRE (21.0.2+13-58), built on 2024-01-05T18:32:24Z by "mach5one" with MS VC++ 17.1 (VS2022)

END.
