#
# There is insufficient memory for the Java Runtime Environment to continue.
# Native memory allocation (malloc) failed to allocate 1103056 bytes for Chunk::new
# Possible reasons:
#   The system is out of physical RAM or swap space
#   The process is running with CompressedOops enabled, and the Java Heap may be blocking the growth of the native heap
# Possible solutions:
#   Reduce memory load on the system
#   Increase physical memory or swap space
#   Check if swap backing store is full
#   Decrease Java heap size (-Xmx/-Xms)
#   Decrease number of Java threads
#   Decrease Java thread stack sizes (-Xss)
#   Set larger code cache with -XX:ReservedCodeCacheSize=
#   JVM is running with Unscaled Compressed Oops mode in which the Java heap is
#     placed in the first 4GB address space. The Java Heap base address is the
#     maximum limit for the native heap growth. Please use -XX:HeapBaseMinAddress
#     to set the Java Heap base and to place the Java Heap above 4GB virtual address.
# This output file may be truncated or incomplete.
#
#  Out of Memory Error (arena.cpp:168), pid=18212, tid=26540
#
# JRE version: OpenJDK Runtime Environment (21.0.2+13) (build 21.0.2+13-58)
# Java VM: OpenJDK 64-Bit Server VM (21.0.2+13-58, mixed mode, sharing, tiered, compressed oops, compressed class ptrs, g1 gc, windows-amd64)
# No core dump will be written. Minidumps are not enabled by default on client versions of Windows
#

---------------  S U M M A R Y ------------

Command Line: -javaagent:C:\Program Files\JetBrains\IntelliJ IDEA Community Edition 2023.3.4\lib\idea_rt.jar=50545:C:\Program Files\JetBrains\IntelliJ IDEA Community Edition 2023.3.4\bin -Dfile.encoding=UTF-8 -Dsun.stdout.encoding=UTF-8 -Dsun.stderr.encoding=UTF-8 com.gestion_clientes_backend.GestionClientesBackendApplication

Host: Intel(R) Core(TM) i3-3217U CPU @ 1.80GHz, 4 cores, 3G,  Windows 10 , 64 bit Build 19041 (10.0.19041.4597)
Time: Sat Sep  7 15:31:25 2024 Hora est. Pacífico, Sudamérica elapsed time: 19.314954 seconds (0d 0h 0m 19s)

---------------  T H R E A D  ---------------

Current thread (0x0000024ff9c5f010):  JavaThread "C2 CompilerThread1" daemon [_thread_in_native, id=26540, stack(0x0000009a03a00000,0x0000009a03b00000) (1024K)]


Current CompileTask:
C2:  19315 3899       4       org.springframework.core.annotation.TypeMappedAnnotations::get (52 bytes)

Stack: [0x0000009a03a00000,0x0000009a03b00000]
Native frames: (J=compiled Java code, j=interpreted, Vv=VM code, C=native code)
V  [jvm.dll+0x6cade9]
V  [jvm.dll+0x8569c1]
V  [jvm.dll+0x858d2e]
V  [jvm.dll+0x859413]
V  [jvm.dll+0x280e56]
V  [jvm.dll+0xc3f3d]
V  [jvm.dll+0xc4473]
V  [jvm.dll+0x2f437f]
V  [jvm.dll+0x5f5056]
V  [jvm.dll+0x252d7f]
V  [jvm.dll+0x25315f]
V  [jvm.dll+0x24b8e0]
V  [jvm.dll+0x2490a3]
V  [jvm.dll+0x1c9634]
V  [jvm.dll+0x258859]
V  [jvm.dll+0x256e3a]
V  [jvm.dll+0x3ef6c6]
V  [jvm.dll+0x7ff568]
V  [jvm.dll+0x6c953d]
C  [ucrtbase.dll+0x21bb2]
C  [KERNEL32.DLL+0x17374]
C  [ntdll.dll+0x4cc91]


---------------  P R O C E S S  ---------------

Threads class SMR info:
_java_thread_list=0x0000024ff8c1ff90, length=17, elements={
0x0000024f9571fdf0, 0x0000024fb25597d0, 0x0000024fb255b0b0, 0x0000024fb2562990,
0x0000024fb25635a0, 0x0000024fb2564d20, 0x0000024fb2568300, 0x0000024fb258cef0,
0x0000024fb258f7a0, 0x0000024f971fafb0, 0x0000024fb2b33170, 0x0000024fb2b33be0,
0x0000024ff9c5f010, 0x0000024ff9050f90, 0x0000024ff9052340, 0x0000024ff9050270,
0x0000024ff9051620
}

Java Threads: ( => current thread )
  0x0000024f9571fdf0 JavaThread "main"                              [_thread_in_native, id=20876, stack(0x0000009a02400000,0x0000009a02500000) (1024K)]
  0x0000024fb25597d0 JavaThread "Reference Handler"          daemon [_thread_blocked, id=15608, stack(0x0000009a02c00000,0x0000009a02d00000) (1024K)]
  0x0000024fb255b0b0 JavaThread "Finalizer"                  daemon [_thread_blocked, id=20520, stack(0x0000009a02d00000,0x0000009a02e00000) (1024K)]
  0x0000024fb2562990 JavaThread "Signal Dispatcher"          daemon [_thread_blocked, id=13100, stack(0x0000009a02e00000,0x0000009a02f00000) (1024K)]
  0x0000024fb25635a0 JavaThread "Attach Listener"            daemon [_thread_blocked, id=2972, stack(0x0000009a02f00000,0x0000009a03000000) (1024K)]
  0x0000024fb2564d20 JavaThread "Service Thread"             daemon [_thread_blocked, id=25144, stack(0x0000009a03000000,0x0000009a03100000) (1024K)]
  0x0000024fb2568300 JavaThread "Monitor Deflation Thread"   daemon [_thread_blocked, id=6484, stack(0x0000009a03100000,0x0000009a03200000) (1024K)]
  0x0000024fb258cef0 JavaThread "C2 CompilerThread0"         daemon [_thread_in_native, id=16984, stack(0x0000009a03200000,0x0000009a03300000) (1024K)]
  0x0000024fb258f7a0 JavaThread "C1 CompilerThread0"         daemon [_thread_blocked, id=24840, stack(0x0000009a03300000,0x0000009a03400000) (1024K)]
  0x0000024f971fafb0 JavaThread "Common-Cleaner"             daemon [_thread_blocked, id=22968, stack(0x0000009a03400000,0x0000009a03500000) (1024K)]
  0x0000024fb2b33170 JavaThread "Monitor Ctrl-Break"         daemon [_thread_in_native, id=15696, stack(0x0000009a03600000,0x0000009a03700000) (1024K)]
  0x0000024fb2b33be0 JavaThread "Notification Thread"        daemon [_thread_blocked, id=22644, stack(0x0000009a03700000,0x0000009a03800000) (1024K)]
=>0x0000024ff9c5f010 JavaThread "C2 CompilerThread1"         daemon [_thread_in_native, id=26540, stack(0x0000009a03a00000,0x0000009a03b00000) (1024K)]
  0x0000024ff9050f90 JavaThread "Catalina-utility-1"                [_thread_blocked, id=26304, stack(0x0000009a03b00000,0x0000009a03c00000) (1024K)]
  0x0000024ff9052340 JavaThread "Catalina-utility-2"                [_thread_blocked, id=1604, stack(0x0000009a03c00000,0x0000009a03d00000) (1024K)]
  0x0000024ff9050270 JavaThread "container-0"                       [_thread_blocked, id=19800, stack(0x0000009a03d00000,0x0000009a03e00000) (1024K)]
  0x0000024ff9051620 JavaThread "mysql-cj-abandoned-connection-cleanup" daemon [_thread_blocked, id=15580, stack(0x0000009a03e00000,0x0000009a03f00000) (1024K)]
Total: 17

Other Threads:
  0x0000024fb2545b30 VMThread "VM Thread"                           [id=21844, stack(0x0000009a02b00000,0x0000009a02c00000) (1024K)]
  0x0000024fb252cc70 WatcherThread "VM Periodic Task Thread"        [id=27484, stack(0x0000009a02a00000,0x0000009a02b00000) (1024K)]
  0x0000024f9718bb70 WorkerThread "GC Thread#0"                     [id=24692, stack(0x0000009a02500000,0x0000009a02600000) (1024K)]
  0x0000024ff83847f0 WorkerThread "GC Thread#1"                     [id=17672, stack(0x0000009a03500000,0x0000009a03600000) (1024K)]
  0x0000024ff85eca10 WorkerThread "GC Thread#2"                     [id=22252, stack(0x0000009a03800000,0x0000009a03900000) (1024K)]
  0x0000024ff83db130 WorkerThread "GC Thread#3"                     [id=9580, stack(0x0000009a03900000,0x0000009a03a00000) (1024K)]
  0x0000024f971946e0 ConcurrentGCThread "G1 Main Marker"            [id=17556, stack(0x0000009a02600000,0x0000009a02700000) (1024K)]
  0x0000024f971952a0 WorkerThread "G1 Conc#0"                       [id=10112, stack(0x0000009a02700000,0x0000009a02800000) (1024K)]
  0x0000024f971eb780 ConcurrentGCThread "G1 Refine#0"               [id=19516, stack(0x0000009a02800000,0x0000009a02900000) (1024K)]
  0x0000024f971ec200 ConcurrentGCThread "G1 Service"                [id=14020, stack(0x0000009a02900000,0x0000009a02a00000) (1024K)]
Total: 10

Threads with active compile tasks:
C2 CompilerThread0    22551 3897   !   4       org.springframework.util.ReflectionUtils::doWithMethods (186 bytes)
C2 CompilerThread1    22551 3899       4       org.springframework.core.annotation.TypeMappedAnnotations::get (52 bytes)
Total: 2

VM state: not at safepoint (normal execution)

VM Mutex/Monitor currently owned by a thread: None

Heap address: 0x00000000c1c00000, size: 996 MB, Compressed Oops mode: 32-bit

CDS archive(s) mapped at: [0x0000024fb3000000-0x0000024fb3c90000-0x0000024fb3c90000), size 13172736, SharedBaseAddress: 0x0000024fb3000000, ArchiveRelocationMode: 1.
Compressed class space mapped at: 0x0000024fb4000000-0x0000024ff4000000, reserved size: 1073741824
Narrow klass base: 0x0000024fb3000000, Narrow klass shift: 0, Narrow klass range: 0x100000000

GC Precious Log:
 CardTable entry size: 512
 Card Set container configuration: InlinePtr #cards 5 size 8 Array Of Cards #cards 12 size 40 Howl #buckets 4 coarsen threshold 1843 Howl Bitmap #cards 512 size 80 coarsen threshold 460 Card regions per heap region 1 cards per card region 2048
 CPUs: 4 total, 4 available
 Memory: 3981M
 Large Page Support: Disabled
 NUMA Support: Disabled
 Compressed Oops: Enabled (32-bit)
 Heap Region Size: 1M
 Heap Min Capacity: 8M
 Heap Initial Capacity: 64M
 Heap Max Capacity: 996M
 Pre-touch: Disabled
 Parallel Workers: 4
 Concurrent Workers: 1
 Concurrent Refinement Workers: 4
 Periodic GC: Disabled

Heap:
 garbage-first heap   total 51200K, used 29128K [0x00000000c1c00000, 0x0000000100000000)
  region size 1024K, 17 young (17408K), 4 survivors (4096K)
 Metaspace       used 29327K, committed 29824K, reserved 1114112K
  class space    used 3710K, committed 3968K, reserved 1048576K

Heap Regions: E=young(eden), S=young(survivor), O=old, HS=humongous(starts), HC=humongous(continues), CS=collection set, F=free, TAMS=top-at-mark-start, PB=parsable bottom
|   0|0x00000000c1c00000, 0x00000000c1d00000, 0x00000000c1d00000|100%|HS|  |TAMS 0x00000000c1c00000| PB 0x00000000c1c00000| Complete 
|   1|0x00000000c1d00000, 0x00000000c1e00000, 0x00000000c1e00000|100%| O|  |TAMS 0x00000000c1d00000| PB 0x00000000c1d00000| Untracked 
|   2|0x00000000c1e00000, 0x00000000c1f00000, 0x00000000c1f00000|100%| O|  |TAMS 0x00000000c1e00000| PB 0x00000000c1e00000| Untracked 
|   3|0x00000000c1f00000, 0x00000000c2000000, 0x00000000c2000000|100%| O|  |TAMS 0x00000000c1f00000| PB 0x00000000c1f00000| Untracked 
|   4|0x00000000c2000000, 0x00000000c2100000, 0x00000000c2100000|100%| O|  |TAMS 0x00000000c2000000| PB 0x00000000c2000000| Untracked 
|   5|0x00000000c2100000, 0x00000000c2200000, 0x00000000c2200000|100%| O|  |TAMS 0x00000000c2100000| PB 0x00000000c2100000| Untracked 
|   6|0x00000000c2200000, 0x00000000c2300000, 0x00000000c2300000|100%| O|  |TAMS 0x00000000c2200000| PB 0x00000000c2200000| Untracked 
|   7|0x00000000c2300000, 0x00000000c2400000, 0x00000000c2400000|100%| O|  |TAMS 0x00000000c2300000| PB 0x00000000c2300000| Untracked 
|   8|0x00000000c2400000, 0x00000000c2500000, 0x00000000c2500000|100%| O|  |TAMS 0x00000000c2400000| PB 0x00000000c2400000| Untracked 
|   9|0x00000000c2500000, 0x00000000c2600000, 0x00000000c2600000|100%| O|  |TAMS 0x00000000c2500000| PB 0x00000000c2500000| Untracked 
|  10|0x00000000c2600000, 0x00000000c2700000, 0x00000000c2700000|100%| O|  |TAMS 0x00000000c2600000| PB 0x00000000c2600000| Untracked 
|  11|0x00000000c2700000, 0x00000000c2800000, 0x00000000c2800000|100%| O|  |TAMS 0x00000000c2700000| PB 0x00000000c2700000| Untracked 
|  12|0x00000000c2800000, 0x00000000c28c3c80, 0x00000000c2900000| 76%| O|Cm|TAMS 0x00000000c2800000| PB 0x00000000c2800000| Complete 
|  13|0x00000000c2900000, 0x00000000c2900000, 0x00000000c2a00000|  0%| F|  |TAMS 0x00000000c2900000| PB 0x00000000c2900000| Untracked 
|  14|0x00000000c2a00000, 0x00000000c2a00000, 0x00000000c2b00000|  0%| F|  |TAMS 0x00000000c2a00000| PB 0x00000000c2a00000| Untracked 
|  15|0x00000000c2b00000, 0x00000000c2b00000, 0x00000000c2c00000|  0%| F|  |TAMS 0x00000000c2b00000| PB 0x00000000c2b00000| Untracked 
|  16|0x00000000c2c00000, 0x00000000c2cae4e0, 0x00000000c2d00000| 68%| S|CS|TAMS 0x00000000c2c00000| PB 0x00000000c2c00000| Complete 
|  17|0x00000000c2d00000, 0x00000000c2e00000, 0x00000000c2e00000|100%| S|CS|TAMS 0x00000000c2d00000| PB 0x00000000c2d00000| Complete 
|  18|0x00000000c2e00000, 0x00000000c2f00000, 0x00000000c2f00000|100%| S|CS|TAMS 0x00000000c2e00000| PB 0x00000000c2e00000| Complete 
|  19|0x00000000c2f00000, 0x00000000c3000000, 0x00000000c3000000|100%| S|CS|TAMS 0x00000000c2f00000| PB 0x00000000c2f00000| Complete 
|  20|0x00000000c3000000, 0x00000000c3000000, 0x00000000c3100000|  0%| F|  |TAMS 0x00000000c3000000| PB 0x00000000c3000000| Untracked 
|  21|0x00000000c3100000, 0x00000000c3100000, 0x00000000c3200000|  0%| F|  |TAMS 0x00000000c3100000| PB 0x00000000c3100000| Untracked 
|  22|0x00000000c3200000, 0x00000000c3200000, 0x00000000c3300000|  0%| F|  |TAMS 0x00000000c3200000| PB 0x00000000c3200000| Untracked 
|  23|0x00000000c3300000, 0x00000000c3300000, 0x00000000c3400000|  0%| F|  |TAMS 0x00000000c3300000| PB 0x00000000c3300000| Untracked 
|  24|0x00000000c3400000, 0x00000000c3400000, 0x00000000c3500000|  0%| F|  |TAMS 0x00000000c3400000| PB 0x00000000c3400000| Untracked 
|  25|0x00000000c3500000, 0x00000000c3500000, 0x00000000c3600000|  0%| F|  |TAMS 0x00000000c3500000| PB 0x00000000c3500000| Untracked 
|  26|0x00000000c3600000, 0x00000000c3600000, 0x00000000c3700000|  0%| F|  |TAMS 0x00000000c3600000| PB 0x00000000c3600000| Untracked 
|  27|0x00000000c3700000, 0x00000000c3700000, 0x00000000c3800000|  0%| F|  |TAMS 0x00000000c3700000| PB 0x00000000c3700000| Untracked 
|  28|0x00000000c3800000, 0x00000000c3800000, 0x00000000c3900000|  0%| F|  |TAMS 0x00000000c3800000| PB 0x00000000c3800000| Untracked 
|  29|0x00000000c3900000, 0x00000000c3900000, 0x00000000c3a00000|  0%| F|  |TAMS 0x00000000c3900000| PB 0x00000000c3900000| Untracked 
|  30|0x00000000c3a00000, 0x00000000c3a00000, 0x00000000c3b00000|  0%| F|  |TAMS 0x00000000c3a00000| PB 0x00000000c3a00000| Untracked 
|  31|0x00000000c3b00000, 0x00000000c3b00000, 0x00000000c3c00000|  0%| F|  |TAMS 0x00000000c3b00000| PB 0x00000000c3b00000| Untracked 
|  32|0x00000000c3c00000, 0x00000000c3c00000, 0x00000000c3d00000|  0%| F|  |TAMS 0x00000000c3c00000| PB 0x00000000c3c00000| Untracked 
|  33|0x00000000c3d00000, 0x00000000c3d00000, 0x00000000c3e00000|  0%| F|  |TAMS 0x00000000c3d00000| PB 0x00000000c3d00000| Untracked 
|  34|0x00000000c3e00000, 0x00000000c3e00000, 0x00000000c3f00000|  0%| F|  |TAMS 0x00000000c3e00000| PB 0x00000000c3e00000| Untracked 
|  35|0x00000000c3f00000, 0x00000000c3f00000, 0x00000000c4000000|  0%| F|  |TAMS 0x00000000c3f00000| PB 0x00000000c3f00000| Untracked 
|  36|0x00000000c4000000, 0x00000000c4000000, 0x00000000c4100000|  0%| F|  |TAMS 0x00000000c4000000| PB 0x00000000c4000000| Untracked 
|  37|0x00000000c4100000, 0x00000000c4114658, 0x00000000c4200000|  7%| E|  |TAMS 0x00000000c4100000| PB 0x00000000c4100000| Complete 
|  38|0x00000000c4200000, 0x00000000c4300000, 0x00000000c4300000|100%| E|CS|TAMS 0x00000000c4200000| PB 0x00000000c4200000| Complete 
|  39|0x00000000c4300000, 0x00000000c4400000, 0x00000000c4400000|100%| E|CS|TAMS 0x00000000c4300000| PB 0x00000000c4300000| Complete 
|  40|0x00000000c4400000, 0x00000000c4500000, 0x00000000c4500000|100%| E|CS|TAMS 0x00000000c4400000| PB 0x00000000c4400000| Complete 
|  41|0x00000000c4500000, 0x00000000c4600000, 0x00000000c4600000|100%| E|CS|TAMS 0x00000000c4500000| PB 0x00000000c4500000| Complete 
|  42|0x00000000c4600000, 0x00000000c4700000, 0x00000000c4700000|100%| E|CS|TAMS 0x00000000c4600000| PB 0x00000000c4600000| Complete 
|  43|0x00000000c4700000, 0x00000000c4800000, 0x00000000c4800000|100%| E|CS|TAMS 0x00000000c4700000| PB 0x00000000c4700000| Complete 
|  44|0x00000000c4800000, 0x00000000c4900000, 0x00000000c4900000|100%| E|CS|TAMS 0x00000000c4800000| PB 0x00000000c4800000| Complete 
|  45|0x00000000c4900000, 0x00000000c4a00000, 0x00000000c4a00000|100%| E|CS|TAMS 0x00000000c4900000| PB 0x00000000c4900000| Complete 
|  46|0x00000000c4a00000, 0x00000000c4b00000, 0x00000000c4b00000|100%| E|CS|TAMS 0x00000000c4a00000| PB 0x00000000c4a00000| Complete 
|  47|0x00000000c4b00000, 0x00000000c4c00000, 0x00000000c4c00000|100%| E|CS|TAMS 0x00000000c4b00000| PB 0x00000000c4b00000| Complete 
|  61|0x00000000c5900000, 0x00000000c5a00000, 0x00000000c5a00000|100%| E|CS|TAMS 0x00000000c5900000| PB 0x00000000c5900000| Complete 
|  63|0x00000000c5b00000, 0x00000000c5c00000, 0x00000000c5c00000|100%| E|CS|TAMS 0x00000000c5b00000| PB 0x00000000c5b00000| Complete 

Card table byte_map: [0x0000024faedf0000,0x0000024faeff0000] _byte_map_base: 0x0000024fae7e2000

Marking Bits: (CMBitMap*) 0x0000024f9718c180
 Bits: [0x0000024faeff0000, 0x0000024faff80000)

Polling page: 0x0000024f97200000

Metaspace:

Usage:
  Non-class:     25.02 MB used.
      Class:      3.62 MB used.
       Both:     28.64 MB used.

Virtual space:
  Non-class space:       64.00 MB reserved,      25.25 MB ( 39%) committed,  1 nodes.
      Class space:        1.00 GB reserved,       3.88 MB ( <1%) committed,  1 nodes.
             Both:        1.06 GB reserved,      29.12 MB (  3%) committed. 

Chunk freelists:
   Non-Class:  6.44 MB
       Class:  12.16 MB
        Both:  18.59 MB

MaxMetaspaceSize: unlimited
CompressedClassSpaceSize: 1.00 GB
Initial GC threshold: 21.00 MB
Current GC threshold: 35.12 MB
CDS: on
 - commit_granule_bytes: 65536.
 - commit_granule_words: 8192.
 - virtual_space_node_default_size: 8388608.
 - enlarge_chunks_in_place: 1.
 - use_allocation_guard: 0.


Internal statistics:

num_allocs_failed_limit: 3.
num_arena_births: 650.
num_arena_deaths: 0.
num_vsnodes_births: 2.
num_vsnodes_deaths: 0.
num_space_committed: 466.
num_space_uncommitted: 0.
num_chunks_returned_to_freelist: 3.
num_chunks_taken_from_freelist: 1703.
num_chunk_merges: 3.
num_chunk_splits: 1136.
num_chunks_enlarged: 800.
num_inconsistent_stats: 0.

CodeHeap 'non-profiled nmethods': size=120000Kb used=2009Kb max_used=2009Kb free=117990Kb
 bounds [0x0000024fa70a0000, 0x0000024fa7310000, 0x0000024fae5d0000]
CodeHeap 'profiled nmethods': size=120000Kb used=8356Kb max_used=8356Kb free=111643Kb
 bounds [0x0000024f9f5d0000, 0x0000024f9fe00000, 0x0000024fa6b00000]
CodeHeap 'non-nmethods': size=5760Kb used=1463Kb max_used=1499Kb free=4296Kb
 bounds [0x0000024fa6b00000, 0x0000024fa6d70000, 0x0000024fa70a0000]
 total_blobs=4554 nmethods=4004 adapters=453
 compilation: enabled
              stopped_count=0, restarted_count=0
 full_count=0

Compilation events (20 events):
Event: 18.465 Thread 0x0000024ff9c5f010 nmethod 3889 0x0000024fa728ba90 code [0x0000024fa728bc60, 0x0000024fa728be68]
Event: 18.465 Thread 0x0000024ff9c5f010 3891       4       org.springframework.core.annotation.AnnotationsScanner::isWithoutHierarchy (119 bytes)
Event: 18.469 Thread 0x0000024fb258cef0 nmethod 3892 0x0000024fa728c090 code [0x0000024fa728c280, 0x0000024fa728c5f8]
Event: 18.470 Thread 0x0000024fb258f7a0 3896       3       org.springframework.beans.factory.config.BeanPostProcessor::postProcessAfterInitialization (2 bytes)
Event: 18.471 Thread 0x0000024fb258f7a0 nmethod 3896 0x0000024f9fdb7610 code [0x0000024f9fdb77a0, 0x0000024f9fdb78b0]
Event: 18.472 Thread 0x0000024fb258cef0 3897   !   4       org.springframework.util.ReflectionUtils::doWithMethods (186 bytes)
Event: 18.472 Thread 0x0000024fb258f7a0 3898       3       org.springframework.core.BridgeMethodResolver$$Lambda/0x0000024fb4327ad8::doWith (11 bytes)
Event: 18.472 Thread 0x0000024fb258f7a0 nmethod 3898 0x0000024f9fdb7990 code [0x0000024f9fdb7b40, 0x0000024f9fdb7d18]
Event: 18.480 Thread 0x0000024ff9c5f010 nmethod 3891 0x0000024fa728c910 code [0x0000024fa728cb00, 0x0000024fa728d0c0]
Event: 18.481 Thread 0x0000024ff9c5f010 3900   !   4       org.springframework.core.annotation.AnnotationsScanner::processClassHierarchy (234 bytes)
Event: 18.494 Thread 0x0000024fb258f7a0 3901   !   3       org.springframework.beans.factory.support.FactoryBeanRegistrySupport::getTypeForFactoryBean (22 bytes)
Event: 18.495 Thread 0x0000024fb258f7a0 nmethod 3901 0x0000024f9fdb7e10 code [0x0000024f9fdb7fe0, 0x0000024f9fdb82f8]
Event: 18.548 Thread 0x0000024fb258f7a0 3902       3       java.nio.CharBuffer::<init> (24 bytes)
Event: 18.548 Thread 0x0000024fb258f7a0 nmethod 3902 0x0000024f9fdb8410 code [0x0000024f9fdb85c0, 0x0000024f9fdb8770]
Event: 18.548 Thread 0x0000024fb258f7a0 3903       3       java.nio.CharBuffer::limit (6 bytes)
Event: 18.548 Thread 0x0000024fb258f7a0 nmethod 3903 0x0000024f9fdb8810 code [0x0000024f9fdb89c0, 0x0000024f9fdb8b70]
Event: 18.548 Thread 0x0000024fb258f7a0 3904       3       java.nio.CharBuffer::limit (8 bytes)
Event: 18.549 Thread 0x0000024fb258f7a0 nmethod 3904 0x0000024f9fdb8c90 code [0x0000024f9fdb8e40, 0x0000024f9fdb8f90]
Event: 18.740 Thread 0x0000024ff9c5f010 nmethod 3900 0x0000024fa728d490 code [0x0000024fa728d8c0, 0x0000024fa72909a8]
Event: 18.740 Thread 0x0000024ff9c5f010 3899       4       org.springframework.core.annotation.TypeMappedAnnotations::get (52 bytes)

GC Heap History (12 events):
Event: 2.411 GC heap before
{Heap before GC invocations=0 (full 0):
 garbage-first heap   total 65536K, used 13312K [0x00000000c1c00000, 0x0000000100000000)
  region size 1024K, 13 young (13312K), 0 survivors (0K)
 Metaspace       used 3713K, committed 3904K, reserved 1114112K
  class space    used 360K, committed 448K, reserved 1048576K
}
Event: 2.424 GC heap after
{Heap after GC invocations=1 (full 0):
 garbage-first heap   total 65536K, used 6400K [0x00000000c1c00000, 0x0000000100000000)
  region size 1024K, 2 young (2048K), 2 survivors (2048K)
 Metaspace       used 3713K, committed 3904K, reserved 1114112K
  class space    used 360K, committed 448K, reserved 1048576K
}
Event: 4.199 GC heap before
{Heap before GC invocations=1 (full 0):
 garbage-first heap   total 65536K, used 18688K [0x00000000c1c00000, 0x0000000100000000)
  region size 1024K, 14 young (14336K), 2 survivors (2048K)
 Metaspace       used 7445K, committed 7680K, reserved 1114112K
  class space    used 868K, committed 960K, reserved 1048576K
}
Event: 4.211 GC heap after
{Heap after GC invocations=2 (full 0):
 garbage-first heap   total 65536K, used 7399K [0x00000000c1c00000, 0x0000000100000000)
  region size 1024K, 2 young (2048K), 2 survivors (2048K)
 Metaspace       used 7445K, committed 7680K, reserved 1114112K
  class space    used 868K, committed 960K, reserved 1048576K
}
Event: 6.857 GC heap before
{Heap before GC invocations=2 (full 0):
 garbage-first heap   total 65536K, used 35047K [0x00000000c1c00000, 0x0000000100000000)
  region size 1024K, 30 young (30720K), 2 survivors (2048K)
 Metaspace       used 15292K, committed 15616K, reserved 1114112K
  class space    used 1832K, committed 1984K, reserved 1048576K
}
Event: 6.865 GC heap after
{Heap after GC invocations=3 (full 0):
 garbage-first heap   total 65536K, used 9556K [0x00000000c1c00000, 0x0000000100000000)
  region size 1024K, 4 young (4096K), 4 survivors (4096K)
 Metaspace       used 15292K, committed 15616K, reserved 1114112K
  class space    used 1832K, committed 1984K, reserved 1048576K
}
Event: 10.890 GC heap before
{Heap before GC invocations=3 (full 0):
 garbage-first heap   total 65536K, used 44372K [0x00000000c1c00000, 0x0000000100000000)
  region size 1024K, 38 young (38912K), 4 survivors (4096K)
 Metaspace       used 20768K, committed 21120K, reserved 1114112K
  class space    used 2489K, committed 2624K, reserved 1048576K
}
Event: 10.910 GC heap after
{Heap after GC invocations=4 (full 0):
 garbage-first heap   total 65536K, used 12729K [0x00000000c1c00000, 0x0000000100000000)
  region size 1024K, 5 young (5120K), 5 survivors (5120K)
 Metaspace       used 20768K, committed 21120K, reserved 1114112K
  class space    used 2489K, committed 2624K, reserved 1048576K
}
Event: 11.152 GC heap before
{Heap before GC invocations=4 (full 0):
 garbage-first heap   total 65536K, used 13753K [0x00000000c1c00000, 0x0000000100000000)
  region size 1024K, 7 young (7168K), 5 survivors (5120K)
 Metaspace       used 21230K, committed 21504K, reserved 1114112K
  class space    used 2546K, committed 2688K, reserved 1048576K
}
Event: 11.174 GC heap after
{Heap after GC invocations=5 (full 0):
 garbage-first heap   total 65536K, used 13939K [0x00000000c1c00000, 0x0000000100000000)
  region size 1024K, 1 young (1024K), 1 survivors (1024K)
 Metaspace       used 21230K, committed 21504K, reserved 1114112K
  class space    used 2546K, committed 2688K, reserved 1048576K
}
Event: 17.713 GC heap before
{Heap before GC invocations=6 (full 0):
 garbage-first heap   total 51200K, used 43635K [0x00000000c1c00000, 0x0000000100000000)
  region size 1024K, 30 young (30720K), 1 survivors (1024K)
 Metaspace       used 27388K, committed 27904K, reserved 1114112K
  class space    used 3421K, committed 3648K, reserved 1048576K
}
Event: 17.733 GC heap after
{Heap after GC invocations=7 (full 0):
 garbage-first heap   total 51200K, used 16840K [0x00000000c1c00000, 0x0000000100000000)
  region size 1024K, 4 young (4096K), 4 survivors (4096K)
 Metaspace       used 27388K, committed 27904K, reserved 1114112K
  class space    used 3421K, committed 3648K, reserved 1048576K
}

Dll operation events (13 events):
Event: 0.046 Loaded shared library C:\Users\ADMIN\.jdks\openjdk-21.0.2\bin\java.dll
Event: 0.132 Loaded shared library C:\Users\ADMIN\.jdks\openjdk-21.0.2\bin\jsvml.dll
Event: 0.418 Loaded shared library C:\Users\ADMIN\.jdks\openjdk-21.0.2\bin\zip.dll
Event: 0.427 Loaded shared library C:\Users\ADMIN\.jdks\openjdk-21.0.2\bin\instrument.dll
Event: 0.443 Loaded shared library C:\Users\ADMIN\.jdks\openjdk-21.0.2\bin\net.dll
Event: 0.447 Loaded shared library C:\Users\ADMIN\.jdks\openjdk-21.0.2\bin\nio.dll
Event: 0.456 Loaded shared library C:\Users\ADMIN\.jdks\openjdk-21.0.2\bin\zip.dll
Event: 0.759 Loaded shared library C:\Program Files\JetBrains\IntelliJ IDEA Community Edition 2023.3.4\bin\breakgen64.dll
Event: 0.810 Loaded shared library C:\Users\ADMIN\.jdks\openjdk-21.0.2\bin\extnet.dll
Event: 0.816 Loaded shared library C:\Users\ADMIN\.jdks\openjdk-21.0.2\bin\jimage.dll
Event: 7.555 Loaded shared library C:\Users\ADMIN\.jdks\openjdk-21.0.2\bin\sunmscapi.dll
Event: 18.134 Loaded shared library C:\Users\ADMIN\.jdks\openjdk-21.0.2\bin\management.dll
Event: 18.138 Loaded shared library C:\Users\ADMIN\.jdks\openjdk-21.0.2\bin\management_ext.dll

Deoptimization events (20 events):
Event: 17.175 Thread 0x0000024f9571fdf0 DEOPT PACKING pc=0x0000024fa72380b0 sp=0x0000009a024fe1e0
Event: 17.175 Thread 0x0000024f9571fdf0 DEOPT UNPACKING pc=0x0000024fa6b546a2 sp=0x0000009a024fe188 mode 2
Event: 17.175 Thread 0x0000024f9571fdf0 Uncommon trap: trap_request=0xffffffde fr.pc=0x0000024fa72380b0 relative=0x0000000000000250
Event: 17.175 Thread 0x0000024f9571fdf0 Uncommon trap: reason=class_check action=maybe_recompile pc=0x0000024fa72380b0 method=java.util.Collections$SetFromMap.contains(Ljava/lang/Object;)Z @ 5 c2
Event: 17.175 Thread 0x0000024f9571fdf0 DEOPT PACKING pc=0x0000024fa72380b0 sp=0x0000009a024fe3c0
Event: 17.175 Thread 0x0000024f9571fdf0 DEOPT UNPACKING pc=0x0000024fa6b546a2 sp=0x0000009a024fe368 mode 2
Event: 18.177 Thread 0x0000024f9571fdf0 Uncommon trap: trap_request=0xffffff45 fr.pc=0x0000024fa71c4920 relative=0x0000000000001640
Event: 18.177 Thread 0x0000024f9571fdf0 Uncommon trap: reason=unstable_if action=reinterpret pc=0x0000024fa71c4920 method=java.util.zip.InflaterInputStream.read([BII)I @ 25 c2
Event: 18.177 Thread 0x0000024f9571fdf0 DEOPT PACKING pc=0x0000024fa71c4920 sp=0x0000009a024fd8f0
Event: 18.177 Thread 0x0000024f9571fdf0 DEOPT UNPACKING pc=0x0000024fa6b546a2 sp=0x0000009a024fd950 mode 2
Event: 18.184 Thread 0x0000024f9571fdf0 Uncommon trap: trap_request=0xffffffc6 fr.pc=0x0000024fa7161a94 relative=0x0000000000000334
Event: 18.184 Thread 0x0000024f9571fdf0 Uncommon trap: reason=bimorphic_or_optimized_type_check action=maybe_recompile pc=0x0000024fa7161a94 method=java.util.HashMap.getNode(Ljava/lang/Object;)Ljava/util/HashMap$Node; @ 128 c2
Event: 18.184 Thread 0x0000024f9571fdf0 DEOPT PACKING pc=0x0000024fa7161a94 sp=0x0000009a024fd910
Event: 18.184 Thread 0x0000024f9571fdf0 DEOPT UNPACKING pc=0x0000024fa6b546a2 sp=0x0000009a024fd818 mode 2
Event: 18.200 Thread 0x0000024f9571fdf0 DEOPT PACKING pc=0x0000024f9f631aa7 sp=0x0000009a024fdb60
Event: 18.200 Thread 0x0000024f9571fdf0 DEOPT UNPACKING pc=0x0000024fa6b54e42 sp=0x0000009a024fcfd0 mode 0
Event: 18.434 Thread 0x0000024f9571fdf0 Uncommon trap: trap_request=0xffffff45 fr.pc=0x0000024fa722a08c relative=0x000000000000006c
Event: 18.434 Thread 0x0000024f9571fdf0 Uncommon trap: reason=unstable_if action=reinterpret pc=0x0000024fa722a08c method=java.lang.ClassLoader.createOrGetClassLoaderValueMap()Ljava/util/concurrent/ConcurrentHashMap; @ 6 c2
Event: 18.434 Thread 0x0000024f9571fdf0 DEOPT PACKING pc=0x0000024fa722a08c sp=0x0000009a024fc810
Event: 18.434 Thread 0x0000024f9571fdf0 DEOPT UNPACKING pc=0x0000024fa6b546a2 sp=0x0000009a024fc798 mode 2

Classes loaded (20 events):
Event: 18.147 Loading class java/lang/management/DefaultPlatformMBeanProvider$11
Event: 18.147 Loading class java/lang/management/DefaultPlatformMBeanProvider$11 done
Event: 18.147 Loading class jdk/management/jfr/FlightRecorderMXBean
Event: 18.147 Loading class jdk/management/jfr/FlightRecorderMXBean done
Event: 18.147 Loading class jdk/management/jfr/internal/FlightRecorderMXBeanProvider$SingleMBeanComponent
Event: 18.147 Loading class jdk/management/jfr/internal/FlightRecorderMXBeanProvider$SingleMBeanComponent done
Event: 18.148 Loading class java/util/stream/ReduceOps$2
Event: 18.148 Loading class java/util/stream/ReduceOps$2 done
Event: 18.149 Loading class java/util/stream/ReduceOps$2ReducingSink
Event: 18.149 Loading class java/util/stream/ReduceOps$2ReducingSink done
Event: 18.149 Loading class sun/management/RuntimeImpl
Event: 18.150 Loading class sun/management/RuntimeImpl done
Event: 18.150 Loading class java/util/Collections$2
Event: 18.150 Loading class java/util/Collections$2 done
Event: 18.496 Loading class java/util/stream/SortedOps$SizedRefSortingSink
Event: 18.533 Loading class java/util/stream/SortedOps$SizedRefSortingSink done
Event: 18.930 Loading class javax/net/ssl/SSLException
Event: 18.972 Loading class javax/net/ssl/SSLException done
Event: 18.972 Loading class java/io/EOFException
Event: 18.972 Loading class java/io/EOFException done

Classes unloaded (0 events):
No events

Classes redefined (0 events):
No events

Internal exceptions (20 events):
Event: 12.883 Thread 0x0000024f9571fdf0 Exception <a 'java/lang/NoSuchMethodError'{0x00000000c400d748}: 'java.lang.Object java.lang.invoke.DirectMethodHandle$Holder.invokeStatic(java.lang.Object, java.lang.Object, java.lang.Object, java.lang.Object, int)'> (0x00000000c400d748) 
thrown [s\open\src\hotspot\share\interpreter\linkResolver.cpp, line 773]
Event: 12.885 Thread 0x0000024f9571fdf0 Exception <a 'java/lang/NoSuchMethodError'{0x00000000c4017e00}: 'void java.lang.invoke.DelegatingMethodHandle$Holder.reinvoke_L(java.lang.Object, java.lang.Object, int)'> (0x00000000c4017e00) 
thrown [s\open\src\hotspot\share\interpreter\linkResolver.cpp, line 773]
Event: 13.916 Thread 0x0000024f9571fdf0 Exception <a 'java/lang/NoSuchMethodError'{0x00000000c3ea5898}: 'java.lang.Object java.lang.invoke.DirectMethodHandle$Holder.invokeSpecialIFC(java.lang.Object, java.lang.Object, java.lang.Object)'> (0x00000000c3ea5898) 
thrown [s\open\src\hotspot\share\interpreter\linkResolver.cpp, line 773]
Event: 14.096 Thread 0x0000024f9571fdf0 Exception <a 'java/lang/NoSuchMethodError'{0x00000000c3eec608}: 'java.lang.Object java.lang.invoke.DirectMethodHandle$Holder.invokeVirtual(java.lang.Object, java.lang.Object, java.lang.Object, java.lang.Object, java.lang.Object)'> (0x00000000c3eec608) 
thrown [s\open\src\hotspot\share\interpreter\linkResolver.cpp, line 773]
Event: 14.824 Thread 0x0000024f9571fdf0 Exception <a 'java/lang/NoSuchMethodError'{0x00000000c3b772b0}: 'java.lang.reflect.Field[] java.lang.Class.getDeclaredFields(java.lang.Class)'> (0x00000000c3b772b0) 
thrown [s\open\src\hotspot\share\interpreter\linkResolver.cpp, line 773]
Event: 14.865 Thread 0x0000024f9571fdf0 Exception <a 'java/lang/NoSuchMethodError'{0x00000000c3bd7290}: 'java.lang.Object java.lang.invoke.DirectMethodHandle$Holder.invokeVirtual(java.lang.Object, java.lang.Object, java.lang.Object, java.lang.Object, java.lang.Object, java.lang.Object)'> (0x00000000c3bd7290) 
thrown [s\open\src\hotspot\share\interpreter\linkResolver.cpp, line 773]
Event: 14.992 Thread 0x0000024f9571fdf0 Exception <a 'java/lang/NoSuchMethodError'{0x00000000c3ae28b8}: 'void java.lang.invoke.DirectMethodHandle$Holder.invokeInterface(java.lang.Object, java.lang.Object, int)'> (0x00000000c3ae28b8) 
thrown [s\open\src\hotspot\share\interpreter\linkResolver.cpp, line 773]
Event: 15.007 Thread 0x0000024f9571fdf0 Exception <a 'java/lang/IncompatibleClassChangeError'{0x00000000c3925008}: Found class java.lang.Object, but interface was expected> (0x00000000c3925008) 
thrown [s\open\src\hotspot\share\interpreter\linkResolver.cpp, line 840]
Event: 15.010 Thread 0x0000024f9571fdf0 Exception <a 'java/lang/NoSuchMethodError'{0x00000000c3933070}: 'int java.lang.invoke.DirectMethodHandle$Holder.invokeSpecialIFC(java.lang.Object, java.lang.Object, java.lang.Object)'> (0x00000000c3933070) 
thrown [s\open\src\hotspot\share\interpreter\linkResolver.cpp, line 773]
Event: 15.016 Thread 0x0000024f9571fdf0 Exception <a 'java/lang/NoSuchMethodError'{0x00000000c3948138}: 'void java.lang.invoke.DirectMethodHandle$Holder.invokeStatic(java.lang.Object, int, java.lang.Object)'> (0x00000000c3948138) 
thrown [s\open\src\hotspot\share\interpreter\linkResolver.cpp, line 773]
Event: 15.067 Thread 0x0000024f9571fdf0 Exception <a 'java/lang/NoSuchMethodError'{0x00000000c397d600}: 'void java.lang.invoke.DirectMethodHandle$Holder.invokeStatic(java.lang.Object, java.lang.Object, java.lang.Object, int, java.lang.Object)'> (0x00000000c397d600) 
thrown [s\open\src\hotspot\share\interpreter\linkResolver.cpp, line 773]
Event: 15.069 Thread 0x0000024f9571fdf0 Exception <a 'java/lang/NoSuchMethodError'{0x00000000c39842f8}: 'java.lang.Object java.lang.invoke.DirectMethodHandle$Holder.newInvokeSpecial(java.lang.Object, java.lang.Object, java.lang.Object, int)'> (0x00000000c39842f8) 
thrown [s\open\src\hotspot\share\interpreter\linkResolver.cpp, line 773]
Event: 15.069 Thread 0x0000024f9571fdf0 Exception <a 'java/lang/NoSuchMethodError'{0x00000000c39880e8}: 'java.lang.Object java.lang.invoke.DirectMethodHandle$Holder.invokeSpecial(java.lang.Object, java.lang.Object, java.lang.Object, java.lang.Object, int)'> (0x00000000c39880e8) 
thrown [s\open\src\hotspot\share\interpreter\linkResolver.cpp, line 773]
Event: 15.070 Thread 0x0000024f9571fdf0 Exception <a 'java/lang/NoSuchMethodError'{0x00000000c398b570}: 'java.lang.Object java.lang.invoke.Invokers$Holder.linkToTargetMethod(java.lang.Object, java.lang.Object, int, java.lang.Object)'> (0x00000000c398b570) 
thrown [s\open\src\hotspot\share\interpreter\linkResolver.cpp, line 773]
Event: 15.725 Thread 0x0000024f9571fdf0 Exception <a 'java/lang/NoSuchMethodError'{0x00000000c354f1b0}: 'java.lang.Object java.lang.invoke.DirectMethodHandle$Holder.invokeStaticInit(java.lang.Object, int, int, int, int)'> (0x00000000c354f1b0) 
thrown [s\open\src\hotspot\share\interpreter\linkResolver.cpp, line 773]
Event: 15.852 Thread 0x0000024f9571fdf0 Exception <a 'java/lang/NoSuchMethodError'{0x00000000c340a890}: 'java.lang.Object java.lang.invoke.DirectMethodHandle$Holder.invokeStaticInit(java.lang.Object, java.lang.Object, int, int, int, int)'> (0x00000000c340a890) 
thrown [s\open\src\hotspot\share\interpreter\linkResolver.cpp, line 773]
Event: 17.415 Thread 0x0000024f9571fdf0 Exception <a 'java/lang/NoSuchMethodError'{0x00000000c31d9170}: 'int java.lang.invoke.DirectMethodHandle$Holder.invokeVirtual(java.lang.Object, java.lang.Object, java.lang.Object, java.lang.Object)'> (0x00000000c31d9170) 
thrown [s\open\src\hotspot\share\interpreter\linkResolver.cpp, line 773]
Event: 17.415 Thread 0x0000024f9571fdf0 Exception <a 'java/lang/NoSuchMethodError'{0x00000000c31dcbd8}: 'int java.lang.invoke.DelegatingMethodHandle$Holder.reinvoke_L(java.lang.Object, java.lang.Object, java.lang.Object, java.lang.Object)'> (0x00000000c31dcbd8) 
thrown [s\open\src\hotspot\share\interpreter\linkResolver.cpp, line 773]
Event: 18.170 Thread 0x0000024f9571fdf0 Exception <a 'java/io/FileNotFoundException'{0x00000000c592fac0}> (0x00000000c592fac0) 
thrown [s\open\src\hotspot\share\prims\jni.cpp, line 520]
Event: 18.362 Thread 0x0000024f9571fdf0 Exception <a 'java/lang/NoSuchMethodError'{0x00000000c4bb8fb8}: 'int java.lang.invoke.DirectMethodHandle$Holder.invokeInterface(java.lang.Object, java.lang.Object, java.lang.Object, java.lang.Object)'> (0x00000000c4bb8fb8) 
thrown [s\open\src\hotspot\share\interpreter\linkResolver.cpp, line 773]

ZGC Phase Switch (0 events):
No events

VM Operations (20 events):
Event: 14.323 Executing VM operation: Cleanup
Event: 14.323 Executing VM operation: Cleanup done
Event: 15.329 Executing VM operation: Cleanup
Event: 15.329 Executing VM operation: Cleanup done
Event: 15.445 Executing VM operation: HandshakeAllThreads (Deoptimize)
Event: 15.445 Executing VM operation: HandshakeAllThreads (Deoptimize) done
Event: 16.446 Executing VM operation: Cleanup
Event: 16.446 Executing VM operation: Cleanup done
Event: 17.174 Executing VM operation: HandshakeAllThreads (Deoptimize)
Event: 17.174 Executing VM operation: HandshakeAllThreads (Deoptimize) done
Event: 17.713 Executing VM operation: G1CollectForAllocation (G1 Evacuation Pause)
Event: 17.733 Executing VM operation: G1CollectForAllocation (G1 Evacuation Pause) done
Event: 18.009 Executing VM operation: HandshakeAllThreads (Deoptimize)
Event: 18.009 Executing VM operation: HandshakeAllThreads (Deoptimize) done
Event: 18.149 Executing VM operation: HandshakeAllThreads (Deoptimize)
Event: 18.149 Executing VM operation: HandshakeAllThreads (Deoptimize) done
Event: 18.484 Executing VM operation: HandshakeAllThreads (Deoptimize)
Event: 18.484 Executing VM operation: HandshakeAllThreads (Deoptimize) done
Event: 18.485 Executing VM operation: HandshakeAllThreads (Deoptimize)
Event: 18.485 Executing VM operation: HandshakeAllThreads (Deoptimize) done

Events (20 events):
Event: 1.043 Thread 0x0000024ff818fc70 Thread exited: 0x0000024ff818fc70
Event: 1.390 Thread 0x0000024ff81fe790 Thread added: 0x0000024ff81fe790
Event: 1.888 Thread 0x0000024ff81fe790 Thread exited: 0x0000024ff81fe790
Event: 4.722 Thread 0x0000024ff888be60 Thread added: 0x0000024ff888be60
Event: 7.052 Thread 0x0000024ff8c96020 Thread added: 0x0000024ff8c96020
Event: 7.239 Thread 0x0000024ff8c96020 Thread exited: 0x0000024ff8c96020
Event: 7.573 Thread 0x0000024ff888be60 Thread exited: 0x0000024ff888be60
Event: 7.648 Thread 0x0000024ff844c9e0 Thread added: 0x0000024ff844c9e0
Event: 7.932 Thread 0x0000024ff844c9e0 Thread exited: 0x0000024ff844c9e0
Event: 8.182 Thread 0x0000024ff86865b0 Thread added: 0x0000024ff86865b0
Event: 9.020 Thread 0x0000024ff86865b0 Thread exited: 0x0000024ff86865b0
Event: 9.413 Thread 0x0000024ff93d9560 Thread added: 0x0000024ff93d9560
Event: 12.157 Thread 0x0000024ff93d9560 Thread exited: 0x0000024ff93d9560
Event: 12.259 Thread 0x0000024ff93d9560 Thread added: 0x0000024ff93d9560
Event: 13.062 Thread 0x0000024ff93d9560 Thread exited: 0x0000024ff93d9560
Event: 15.104 Thread 0x0000024ff90908b0 Thread added: 0x0000024ff90908b0
Event: 15.376 Thread 0x0000024ff90908b0 Thread exited: 0x0000024ff90908b0
Event: 15.395 Thread 0x0000024ffa798740 Thread added: 0x0000024ffa798740
Event: 16.038 Thread 0x0000024ffa798740 Thread exited: 0x0000024ffa798740
Event: 18.430 Thread 0x0000024ff9c5f010 Thread added: 0x0000024ff9c5f010


Dynamic libraries:
0x00007ff61e080000 - 0x00007ff61e08e000 	C:\Users\ADMIN\.jdks\openjdk-21.0.2\bin\java.exe
0x00007ffac05f0000 - 0x00007ffac07e8000 	C:\WINDOWS\SYSTEM32\ntdll.dll
0x00007ffabec00000 - 0x00007ffabecc1000 	C:\WINDOWS\System32\KERNEL32.DLL
0x00007ffabdf00000 - 0x00007ffabe1f6000 	C:\WINDOWS\System32\KERNELBASE.dll
0x00007ffabe3c0000 - 0x00007ffabe4c0000 	C:\WINDOWS\System32\ucrtbase.dll
0x00007ffab93a0000 - 0x00007ffab93bb000 	C:\Users\ADMIN\.jdks\openjdk-21.0.2\bin\VCRUNTIME140.dll
0x00007ffab8f60000 - 0x00007ffab8f78000 	C:\Users\ADMIN\.jdks\openjdk-21.0.2\bin\jli.dll
0x00007ffac0220000 - 0x00007ffac03bf000 	C:\WINDOWS\System32\USER32.dll
0x00007ffabe5f0000 - 0x00007ffabe612000 	C:\WINDOWS\System32\win32u.dll
0x00007ffabf700000 - 0x00007ffabf72b000 	C:\WINDOWS\System32\GDI32.dll
0x00007ffabe200000 - 0x00007ffabe317000 	C:\WINDOWS\System32\gdi32full.dll
0x00007ffabe320000 - 0x00007ffabe3bd000 	C:\WINDOWS\System32\msvcp_win.dll
0x00007ffaafc80000 - 0x00007ffaaff1a000 	C:\WINDOWS\WinSxS\amd64_microsoft.windows.common-controls_6595b64144ccf1df_6.0.19041.4355_none_60b8b9eb71f62e16\COMCTL32.dll
0x00007ffabe760000 - 0x00007ffabe7fe000 	C:\WINDOWS\System32\msvcrt.dll
0x00007ffac0580000 - 0x00007ffac05af000 	C:\WINDOWS\System32\IMM32.DLL
0x0000000064020000 - 0x000000006402c000 	C:\Program Files (x86)\360\Total Security\safemon\SafeWrapper.dll
0x00007ffac0090000 - 0x00007ffac0140000 	C:\WINDOWS\System32\ADVAPI32.dll
0x00007ffabfba0000 - 0x00007ffabfc40000 	C:\WINDOWS\System32\sechost.dll
0x00007ffabe620000 - 0x00007ffabe743000 	C:\WINDOWS\System32\RPCRT4.dll
0x00007ffabe570000 - 0x00007ffabe597000 	C:\WINDOWS\System32\bcrypt.dll
0x00007ffa95d50000 - 0x00007ffa95de2000 	C:\Program Files (x86)\360\Total Security\safemon\libzdtp64.dll
0x00007ffabef30000 - 0x00007ffabf69c000 	C:\WINDOWS\System32\SHELL32.dll
0x00007ffabecd0000 - 0x00007ffabed25000 	C:\WINDOWS\System32\SHLWAPI.dll
0x00007ffabd9c0000 - 0x00007ffabd9ca000 	C:\WINDOWS\SYSTEM32\VERSION.dll
0x00007ffabafe0000 - 0x00007ffabafec000 	C:\Users\ADMIN\.jdks\openjdk-21.0.2\bin\vcruntime140_1.dll
0x00007ffaad030000 - 0x00007ffaad0be000 	C:\Users\ADMIN\.jdks\openjdk-21.0.2\bin\msvcp140.dll
0x00007ffa822a0000 - 0x00007ffa82fb7000 	C:\Users\ADMIN\.jdks\openjdk-21.0.2\bin\server\jvm.dll
0x00007ffabfe70000 - 0x00007ffabfedb000 	C:\WINDOWS\System32\WS2_32.dll
0x00007ffabd1b0000 - 0x00007ffabd1fb000 	C:\WINDOWS\SYSTEM32\POWRPROF.dll
0x00007ffaafac0000 - 0x00007ffaafae7000 	C:\WINDOWS\SYSTEM32\WINMM.dll
0x00007ffabd020000 - 0x00007ffabd032000 	C:\WINDOWS\SYSTEM32\UMPDC.dll
0x00007ffabbab0000 - 0x00007ffabbac2000 	C:\WINDOWS\SYSTEM32\kernel.appcore.dll
0x00007ffabafa0000 - 0x00007ffabafaa000 	C:\Users\ADMIN\.jdks\openjdk-21.0.2\bin\jimage.dll
0x00007ffab5390000 - 0x00007ffab5574000 	C:\WINDOWS\SYSTEM32\DBGHELP.DLL
0x00007ffab5350000 - 0x00007ffab5384000 	C:\WINDOWS\SYSTEM32\dbgcore.DLL
0x00007ffabdd10000 - 0x00007ffabdd92000 	C:\WINDOWS\System32\bcryptPrimitives.dll
0x00007ffabaf40000 - 0x00007ffabaf4f000 	C:\Users\ADMIN\.jdks\openjdk-21.0.2\bin\instrument.dll
0x00007ffab7b90000 - 0x00007ffab7baf000 	C:\Users\ADMIN\.jdks\openjdk-21.0.2\bin\java.dll
0x00007ffabbcb0000 - 0x00007ffabc44e000 	C:\WINDOWS\SYSTEM32\windows.storage.dll
0x00007ffabe800000 - 0x00007ffabeb53000 	C:\WINDOWS\System32\combase.dll
0x00007ffabd650000 - 0x00007ffabd67e000 	C:\WINDOWS\SYSTEM32\Wldp.dll
0x00007ffabffc0000 - 0x00007ffac008d000 	C:\WINDOWS\System32\OLEAUT32.dll
0x00007ffabfd60000 - 0x00007ffabfe0d000 	C:\WINDOWS\System32\SHCORE.dll
0x00007ffabdbd0000 - 0x00007ffabdbf4000 	C:\WINDOWS\SYSTEM32\profapi.dll
0x00007ffaa9620000 - 0x00007ffaa96f7000 	C:\Users\ADMIN\.jdks\openjdk-21.0.2\bin\jsvml.dll
0x00007ffab4e70000 - 0x00007ffab4e88000 	C:\Users\ADMIN\.jdks\openjdk-21.0.2\bin\zip.dll
0x00007ffab7bd0000 - 0x00007ffab7be0000 	C:\Users\ADMIN\.jdks\openjdk-21.0.2\bin\net.dll
0x00007ffab97f0000 - 0x00007ffab98fa000 	C:\WINDOWS\SYSTEM32\WINHTTP.dll
0x00007ffabd3b0000 - 0x00007ffabd41a000 	C:\WINDOWS\system32\mswsock.dll
0x00007ffab4bb0000 - 0x00007ffab4bc6000 	C:\Users\ADMIN\.jdks\openjdk-21.0.2\bin\nio.dll
0x00007ffaad010000 - 0x00007ffaad02a000 	C:\Program Files\JetBrains\IntelliJ IDEA Community Edition 2023.3.4\bin\breakgen64.dll
0x00007ffab4b60000 - 0x00007ffab4b69000 	C:\Users\ADMIN\.jdks\openjdk-21.0.2\bin\extnet.dll
0x00007ffaacff0000 - 0x00007ffaacffe000 	C:\Users\ADMIN\.jdks\openjdk-21.0.2\bin\sunmscapi.dll
0x00007ffabdda0000 - 0x00007ffabdefe000 	C:\WINDOWS\System32\CRYPT32.dll
0x00007ffabd6c0000 - 0x00007ffabd6e9000 	C:\WINDOWS\SYSTEM32\ncrypt.dll
0x00007ffabd680000 - 0x00007ffabd6bb000 	C:\WINDOWS\SYSTEM32\NTASN1.dll
0x00007ffabd5a0000 - 0x00007ffabd5b8000 	C:\WINDOWS\SYSTEM32\CRYPTSP.dll
0x00007ffabcc00000 - 0x00007ffabcc34000 	C:\WINDOWS\system32\rsaenh.dll
0x00007ffabdb80000 - 0x00007ffabdbae000 	C:\WINDOWS\SYSTEM32\USERENV.dll
0x00007ffabd5c0000 - 0x00007ffabd5cc000 	C:\WINDOWS\SYSTEM32\CRYPTBASE.dll
0x00007ffabd040000 - 0x00007ffabd07b000 	C:\WINDOWS\SYSTEM32\IPHLPAPI.DLL
0x00007ffabe750000 - 0x00007ffabe758000 	C:\WINDOWS\System32\NSI.dll
0x00007ffab4b10000 - 0x00007ffab4b1a000 	C:\Users\ADMIN\.jdks\openjdk-21.0.2\bin\management.dll
0x00007ffaad000000 - 0x00007ffaad00b000 	C:\Users\ADMIN\.jdks\openjdk-21.0.2\bin\management_ext.dll
0x00007ffac0570000 - 0x00007ffac0578000 	C:\WINDOWS\System32\PSAPI.DLL

dbghelp: loaded successfully - version: 4.0.5 - missing functions: none
symbol engine: initialized successfully - sym options: 0x614 - pdb path: .;C:\Users\ADMIN\.jdks\openjdk-21.0.2\bin;C:\WINDOWS\SYSTEM32;C:\WINDOWS\WinSxS\amd64_microsoft.windows.common-controls_6595b64144ccf1df_6.0.19041.4355_none_60b8b9eb71f62e16;C:\Program Files (x86)\360\Total Security\safemon;C:\Users\ADMIN\.jdks\openjdk-21.0.2\bin\server;C:\Program Files\JetBrains\IntelliJ IDEA Community Edition 2023.3.4\bin

VM Arguments:
jvm_args: -javaagent:C:\Program Files\JetBrains\IntelliJ IDEA Community Edition 2023.3.4\lib\idea_rt.jar=50545:C:\Program Files\JetBrains\IntelliJ IDEA Community Edition 2023.3.4\bin -Dfile.encoding=UTF-8 -Dsun.stdout.encoding=UTF-8 -Dsun.stderr.encoding=UTF-8 
java_command: com.gestion_clientes_backend.GestionClientesBackendApplication
java_class_path (initial): C:\proyectos de intellji\gestion-clientes-backend\target\classes;C:\Users\ADMIN\.m2\repository\org\springframework\boot\spring-boot-starter-data-jpa\3.3.3\spring-boot-starter-data-jpa-3.3.3.jar;C:\Users\ADMIN\.m2\repository\org\springframework\boot\spring-boot-starter-aop\3.3.3\spring-boot-starter-aop-3.3.3.jar;C:\Users\ADMIN\.m2\repository\org\springframework\spring-aop\6.1.12\spring-aop-6.1.12.jar;C:\Users\ADMIN\.m2\repository\org\aspectj\aspectjweaver\1.9.22.1\aspectjweaver-1.9.22.1.jar;C:\Users\ADMIN\.m2\repository\org\springframework\boot\spring-boot-starter-jdbc\3.3.3\spring-boot-starter-jdbc-3.3.3.jar;C:\Users\ADMIN\.m2\repository\com\zaxxer\HikariCP\5.1.0\HikariCP-5.1.0.jar;C:\Users\ADMIN\.m2\repository\org\springframework\spring-jdbc\6.1.12\spring-jdbc-6.1.12.jar;C:\Users\ADMIN\.m2\repository\org\hibernate\orm\hibernate-core\6.5.2.Final\hibernate-core-6.5.2.Final.jar;C:\Users\ADMIN\.m2\repository\jakarta\persistence\jakarta.persistence-api\3.1.0\jakarta.persistence-api-3.1.0.jar;C:\Users\ADMIN\.m2\repository\jakarta\transaction\jakarta.transaction-api\2.0.1\jakarta.transaction-api-2.0.1.jar;C:\Users\ADMIN\.m2\repository\org\jboss\logging\jboss-logging\3.5.3.Final\jboss-logging-3.5.3.Final.jar;C:\Users\ADMIN\.m2\repository\org\hibernate\common\hibernate-commons-annotations\6.0.6.Final\hibernate-commons-annotations-6.0.6.Final.jar;C:\Users\ADMIN\.m2\repository\io\smallrye\jandex\3.1.2\jandex-3.1.2.jar;C:\Users\ADMIN\.m2\repository\com\fasterxml\classmate\1.7.0\classmate-1.7.0.jar;C:\Users\ADMIN\.m2\repository\net\bytebuddy\byte-buddy\1.14.19\byte-buddy-1.14.19.jar;C:\Users\ADMIN\.m2\repository\org\glassfish\jaxb\jaxb-runtime\4.0.5\jaxb-runtime-4.0.5.jar;C:\Users\ADMIN\.m2\repository\org\glassfish\jaxb\jaxb-core\4.0.5\jaxb-core-4.0.5.jar;C:\Users\ADMIN\.m2\repository\org\eclipse\angus\angus-activation\2.0.2\angus-activation-2.0.2.jar;C:\Users\ADMIN\.m2\repository\org\glassfish\jaxb\txw2\4.0.5\txw2-4.0.5.jar;C:\Users\ADMIN\.m2\repository\com\sun\istack\istack-commons-runtime\4.1.2\istack-commons-runtime-4.1.2.jar;C:\Users\ADMIN\.m2\repository\jakarta\inject\jakarta.inject-api\2.0.1\jakarta.inject-api-2.0.1.jar;C:\Users\ADMIN\.m2\repository\org\antlr\antlr4-runtime\4.13.0\antlr4-runtime-4.13.0.jar;C:\Users\ADMIN\.m2\repository\org\springframework\data\spring-data-jpa\3.3.3\spring-data-jpa-3.3.3.jar;C:\Users\ADMIN\.m2\repository\org\springframework\data\spring-data-commons\3.3.3\spring-data-commons-3.3.3.jar;C:\Users\ADMIN\.m2\repository\org\springframework\spring-orm\6.1.12\spring-orm-6.1.12.jar;C:\Users\ADMIN\.m2\repository\org\springframework\spring-context\6.1.12\spring-context-6.1.12.jar;C:\Users\ADMIN\.m2\repository\org\springframework\spring-tx\6.1.12\spring-tx-6.1.12.jar;C:\Users\ADMIN\.m2\repository\org\springframework\spring-beans\6.1.12\spring-beans-6.1.12.jar;C:\Users\ADMIN\.m2\repository\jakarta\annotation\jakarta.annotation-api\2.1.1\jakarta.annotation-api-2.1.1.jar;C:\Users\ADMIN\.m2\repository\org\slf4j\slf4j-api\2.0.16\slf4j-api-2.0.16.jar;C:\Users\ADMIN\.m2\repository\org\springframework\spring-aspects\6.1.12\spring-aspects-6.1.12.jar;C:\Users\ADMIN\.m2\repository\org\springframework\boot\spring-boot-starter-web\3.3.3\spring-boot-starter-web-3.3.3.jar;C:\Users\ADMIN\.m2\repository\org\springframework\boot\spring-boot-starter\3.3.3\spring-boot-starter-3.3.3.jar;C:\Users\ADMIN\.m2\repository\org\springframework\boot\spring-boot\3.3.3\spring-boot-3.3.3.jar;C:\Users\ADMIN\.m2\repository\org\springframework\boot\spring-boot-autoconfigure\3.3.3\spring-boot-autoconfigure-3.3.3.jar;C:\Users\ADMIN\.m2\repository\org\springframework\boot\spring-boot-starter-logging\3.3.3\spring-boot-starter-logging-3.3.3.jar;C:\Users\ADMIN\.m2\repository\ch\qos\logback\logback-classic\1.5.7\logback-classic-1.5.7.jar;C:\Users\ADMIN\.m2\repository\ch\qos\logback\logback-core\1.5.7\logback-core-1.5.7.jar;C:\Users\ADMIN\.m2\repository\org\apache\logging\log4j\log4j-to-slf4j\2.23.1\log4j-to-slf4j-2.23.1.jar;C:\Users\ADMIN\.m2\repository\org\apache\logging\log4j\log4j-api\2.23.1\log4j-api-2.23.1.jar;C:\Users\ADMIN\.m2\repository\org\slf4j\jul-to-slf4j\2.0.16\jul-to-slf4j-2.0.16.jar;C:\Users\ADMIN\.m2\repository\org\yaml\snakeyaml\2.2\snakeyaml-2.2.jar;C:\Users\ADMIN\.m2\repository\org\springframework\boot\spring-boot-starter-json\3.3.3\spring-boot-starter-json-3.3.3.jar;C:\Users\ADMIN\.m2\repository\com\fasterxml\jackson\core\jackson-databind\2.17.2\jackson-databind-2.17.2.jar;C:\Users\ADMIN\.m2\repository\com\fasterxml\jackson\core\jackson-annotations\2.17.2\jackson-annotations-2.17.2.jar;C:\Users\ADMIN\.m2\repository\com\fasterxml\jackson\core\jackson-core\2.17.2\jackson-core-2.17.2.jar;C:\Users\ADMIN\.m2\repository\com\fasterxml\jackson\datatype\jackson-datatype-jdk8\2.17.2\jackson-datatype-jdk8-2.17.2.jar;C:\Users\ADMIN\.m2\repository\com\fasterxml\jackson\datatype\jackson-datatype-jsr310\2.17.2\jackson-datatype-jsr310-2.17.2.jar;C:\Users\ADMIN\.m2\repository\com\fasterxml\jackson\module\jackson-module-parameter-names\2.17.2\jackson-module-parameter-names-2.17.2.jar;C:\Users\ADMIN\.m2\repository\org\springframework\boot\spring-boot-starter-tomcat\3.3.3\spring-boot-starter-tomcat-3.3.3.jar;C:\Users\ADMIN\.m2\repository\org\apache\tomcat\embed\tomcat-embed-core\10.1.28\tomcat-embed-core-10.1.28.jar;C:\Users\ADMIN\.m2\repository\org\apache\tomcat\embed\tomcat-embed-el\10.1.28\tomcat-embed-el-10.1.28.jar;C:\Users\ADMIN\.m2\repository\org\apache\tomcat\embed\tomcat-embed-websocket\10.1.28\tomcat-embed-websocket-10.1.28.jar;C:\Users\ADMIN\.m2\repository\org\springframework\spring-web\6.1.12\spring-web-6.1.12.jar;C:\Users\ADMIN\.m2\repository\io\micrometer\micrometer-observation\1.13.3\micrometer-observation-1.13.3.jar;C:\Users\ADMIN\.m2\repository\io\micrometer\micrometer-commons\1.13.3\micrometer-commons-1.13.3.jar;C:\Users\ADMIN\.m2\repository\org\springframework\spring-webmvc\6.1.12\spring-webmvc-6.1.12.jar;C:\Users\ADMIN\.m2\repository\org\springframework\spring-expression\6.1.12\spring-expression-6.1.12.jar;C:\Users\ADMIN\.m2\repository\com\mysql\mysql-connector-j\8.3.0\mysql-connector-j-8.3.0.jar;C:\Users\ADMIN\.m2\repository\org\projectlombok\lombok\1.18.34\lombok-1.18.34.jar;C:\Users\ADMIN\.m2\repository\jakarta\xml\bind\jakarta.xml.bind-api\4.0.2\jakarta.xml.bind-api-4.0.2.jar;C:\Users\ADMIN\.m2\repository\jakarta\activation\jakarta.activation-api\2.1.3\jakarta.activation-api-2.1.3.jar;C:\Users\ADMIN\.m2\repository\org\springframework\spring-core\6.1.12\spring-core-6.1.12.jar;C:\Users\ADMIN\.m2\repository\org\springframework\spring-jcl\6.1.12\spring-jcl-6.1.12.jar
Launcher Type: SUN_STANDARD

[Global flags]
     intx CICompilerCount                          = 3                                         {product} {ergonomic}
     uint ConcGCThreads                            = 1                                         {product} {ergonomic}
     uint G1ConcRefinementThreads                  = 4                                         {product} {ergonomic}
   size_t G1HeapRegionSize                         = 1048576                                   {product} {ergonomic}
    uintx GCDrainStackTargetSize                   = 64                                        {product} {ergonomic}
   size_t InitialHeapSize                          = 67108864                                  {product} {ergonomic}
   size_t MarkStackSize                            = 4194304                                   {product} {ergonomic}
   size_t MaxHeapSize                              = 1044381696                                {product} {ergonomic}
   size_t MaxNewSize                               = 625999872                                 {product} {ergonomic}
   size_t MinHeapDeltaBytes                        = 1048576                                   {product} {ergonomic}
   size_t MinHeapSize                              = 8388608                                   {product} {ergonomic}
    uintx NonNMethodCodeHeapSize                   = 5832780                                {pd product} {ergonomic}
    uintx NonProfiledCodeHeapSize                  = 122912730                              {pd product} {ergonomic}
    uintx ProfiledCodeHeapSize                     = 122912730                              {pd product} {ergonomic}
    uintx ReservedCodeCacheSize                    = 251658240                              {pd product} {ergonomic}
     bool SegmentedCodeCache                       = true                                      {product} {ergonomic}
   size_t SoftMaxHeapSize                          = 1044381696                             {manageable} {ergonomic}
     bool UseCompressedOops                        = true                           {product lp64_product} {ergonomic}
     bool UseG1GC                                  = true                                      {product} {ergonomic}
     bool UseLargePagesIndividualAllocation        = false                                  {pd product} {ergonomic}

Logging:
Log output configuration:
 #0: stdout all=warning uptime,level,tags foldmultilines=false
 #1: stderr all=off uptime,level,tags foldmultilines=false

Environment Variables:
PATH=C:\Program Files\Common Files\Oracle\Java\javapath;C:\Program Files (x86)\Common Files\Oracle\Java\java8path;C:\Program Files (x86)\Common Files\Oracle\Java\javapath;C:\Program Files (x86)\Common Files\Intel\Shared Files\cpp\bin\Intel64;C:\WINDOWS\system32;C:\WINDOWS;C:\WINDOWS\System32\Wbem;C:\WINDOWS\System32\WindowsPowerShell\v1.0\;C:\WINDOWS\System32\OpenSSH\;C:\Users\ADMIN\Desktop\apache-maven-3.9.6\\bin;C:\Program Files\Java\jdk-21\bin;C:\Program Files\MySQL\MySQL Server 8.4\bin;C:\Program Files\Git\cmd;C:\Program Files\Git\mingw64\bin;C:\Program Files\Git\usr\bin;C:\Program Files\nodejs\;C:\Users\ADMIN\AppData\Local\Microsoft\WindowsApps;C:\Users\ADMIN\AppData\Local\Programs\Microsoft VS Code\bin;C:\Users\ADMIN\AppData\Roaming\npm
USERNAME=ADMIN
OS=Windows_NT
PROCESSOR_IDENTIFIER=Intel64 Family 6 Model 58 Stepping 9, GenuineIntel
TMP=C:\Users\ADMIN\AppData\Local\Temp
TEMP=C:\Users\ADMIN\AppData\Local\Temp




Periodic native trim disabled

---------------  S Y S T E M  ---------------

OS:
 Windows 10 , 64 bit Build 19041 (10.0.19041.4597)
OS uptime: 19 days 5:05 hours

CPU: total 4 (initial active 4) (2 cores per cpu, 2 threads per core) family 6 model 58 stepping 9 microcode 0x21, cx8, cmov, fxsr, ht, mmx, sse, sse2, sse3, ssse3, sse4.1, sse4.2, popcnt, tsc, tscinvbit, avx, erms, clmul, vzeroupper, clflush, rdtscp, f16c
Processor Information for all 4 processors :
  Max Mhz: 1701, Current Mhz: 1701, Mhz Limit: 1701

Memory: 4k page, system-wide physical 3981M (646M free)
TotalPageFile size 8077M (AvailPageFile size 24M)
current process WorkingSet (physical memory assigned to process): 178M, peak: 178M
current process commit charge ("private bytes"): 212M, peak: 212M

vm_info: OpenJDK 64-Bit Server VM (21.0.2+13-58) for windows-amd64 JRE (21.0.2+13-58), built on 2024-01-05T18:32:24Z by "mach5one" with MS VC++ 17.1 (VS2022)

END.
